165
3 2 4 9
3 30 37 39
3 42 43 49
3 51 53 57
3 58 62 63
3 67 68 74
2 75 77
4 82 83 84 85
3 87 88 94
2 96 98
3 102 103 110
4 118 122 125 126
4 127 130 131 133
2 134 135
4 137 140 142 143
4 145 146 150 157
2 161 167
4 168 169 171 173
2 176 178
4 179 183 184 191
4 194 202 205 206
2 209 211
4 215 216 220 222
3 223 224 227
2 228 229
2 232 238
4 239 241 243 246
4 248 250 253 255
3 257 260 262
2 265 270
2 272 275
3 281 287 290
2 291 293
2 296 297
2 303 305
3 308 309 312
2 313 314
3 316 317 318
2 321 323
3 327 331 335
2 338 340
3 342 343 344
3 346 349 354
2 355 357
3 366 368 370
3 374 380 381
2 382 383
2 386 389
2 393 398
3 402 404 406
2 408 413
2 415 416
2 417 418
3 426 428 435
3 436 440 456
4 457 458 464 465
4 466 469 470 471
3 476 477 478
3 479 480 481
3 483 485 487
2 488 489
3 491 493 496
3 16 22 25
2 26 27
4 29 32 36 40
3 41 44 45
3 46 50 54
4 56 59 66 69
4 70 76 78 79
4 80 81 92 95
3 100 101 104
3 106 107 109
3 112 114 115
2 116 119
3 124 128 129
4 132 136 138 144
2 148 151
2 152 153
2 160 164
3 172 174 185
4 186 195 198 200
2 204 207
3 217 226 233
4 237 244 245 247
2 251 254
4 259 267 269 274
4 280 282 284 285
4 289 295 304 307
4 325 332 339 341
3 347 359 361
4 363 365 372 373
2 377 378
4 379 390 395 401
4 411 425 432 446
2 450 453
4 460 461 468 490
4 494 3 6 8
4 10 13 18 23
3 24 31 55
2 65 71
2 89 90
3 91 99 105
4 117 121 123 139
4 149 159 162 163
2 177 180
2 188 192
2 201 203
3 214 218 225
2 230 235
4 242 263 268 276
2 278 283
4 294 302 328 336
4 345 348 351 353
3 362 364 375
4 384 388 391 392
2 394 397
4 399 400 403 407
3 412 422 424
3 427 429 431
2 437 438
4 442 444 447 449
3 459 467 472
4 474 497 5 15
4 19 20 34 60
3 61 147 175
2 181 187
3 193 199 208
2 219 231
4 236 240 249 258
2 271 273
4 277 288 292 311
3 320 324 356
4 360 367 385 387
2 396 405
4 409 419 430 433
4 439 445 455 473
3 498 499 0
4 38 48 52 108
4 111 113 155 166
4 210 221 234 261
3 264 298 310
2 329 350
4 371 376 434 448
4 451 452 463 475
2 486 11
4 64 72 73 120
2 141 156
4 158 170 182 213
4 266 301 319 337
2 410 443
4 462 484 495 7
4 17 86 154 189
4 212 334 352 358
3 414 492 1
2 14 21
2 256 279
2 299 306
4 315 322 330 421
4 454 12 33 47
3 165 300 326
2 482 28
3 35 93 97
4 190 196 197 252
4 286 333 369 420
2 423 441
