169
4 9 447 179 206
4 348 233 43 111
4 49 161 364 310
4 63 352 34 255
4 68 476 418 107
4 297 278 465 29
4 411 47 175 45
4 110 51 388 158
4 118 190 126 284
4 130 133 424 358
4 135 401 82 207
4 39 285 430 478
4 150 263 102 329
4 484 369 390 185
4 360 227 74 234
4 405 488 81 80
4 494 93 342 407
4 104 254 454 344
4 224 228 136 429
4 242 2 265 361
4 28 148 41 433
4 250 253 269 319
4 151 446 176 89
4 316 281 475 366
4 293 330 412 252
4 305 438 303 452
4 313 477 309 173
4 318 287 87 321
4 292 211 327 223
4 331 239 90 365
4 105 362 381 267
4 302 125 167 208
4 189 380 65 30
4 383 458 24 389
4 251 359 266 323
4 98 177 413 423
4 64 3 311 75
4 436 137 462 46
4 456 464 382 249
4 466 140 60 372
4 312 73 194 295
4 479 394 481 377
4 485 230 489 184
4 400 53 483 174
4 26 25 27 437
4 36 159 340 482
4 44 15 435 396
4 50 7 55 368
4 66 76 119 70
4 124 450 202 78
4 95 100 37 273
4 338 397 214 498
4 116 114 112 347
4 134 69 165 129
4 186 166 42 241
4 260 153 238 426
4 155 376 357 363
4 461 337 416 79
4 200 240 84 270
4 244 215 181 421
2 243 326
2 101 115
2 23 128
2 38 379
2 341 6
2 373 351
2 4 12
2 288 146
2 276 85
2 325 109
2 99 71
2 398 88
2 120 77
2 164 106
2 271 57
2 322 201
2 440 127
2 59 428
2 14 229
2 139 493
2 92 335
2 443 375
2 415 94
2 131 306
2 237 54
2 245 467
2 203 62
2 163 22
2 427 8
2 315 432
2 32 157
2 317 121
2 386 346
2 439 183
2 274 168
2 220 298
2 192 490
2 425 212
2 419 222
2 410 409
2 52 402
2 259 268
2 282 371
2 108 40
2 304 178
2 417 218
2 420 320
2 472 216
2 370 154
2 210 422
2 324 384
2 399 246
2 403 219
2 5 13
2 213 343
2 1 160
2 496 180
2 188 349
2 457 395
2 182 193
2 334 21
2 474 497
2 103 257
2 20 132
2 300 277
3 289 374 145
3 495 333 275
3 290 199 453
3 256 67 72
3 336 18 258
3 247 367 16
3 217 170 470
3 473 487 262
3 385 378 231
3 138 491 191
3 147 445 91
3 56 195 225
3 280 205 149
3 0 156 248
3 172 31 471
3 350 408 455
3 83 232 434
3 236 283 308
3 332 469 11
3 444 459 221
3 448 235 442
3 463 122 460
3 123 48 387
3 307 392 141
3 169 35 353
3 171 294 291
3 301 162 404
3 113 143 142
3 296 354 198
3 86 286 480
3 393 468 152
3 414 391 264
3 492 226 314
3 279 272 328
3 339 299 33
3 19 61 117
3 449 499 261
3 187 58 96
3 356 355 486
3 97 144 209
3 197 441 345
3 17 10 196
3 451 204 406
3 431
