162
2 2 4
4 9 30 37 39
4 42 43 49 51
4 53 57 58 62
3 63 67 68
4 74 75 77 82
2 83 84
3 85 87 88
4 94 96 98 102
4 103 110 118 122
4 125 126 127 130
2 131 133
2 134 135
4 137 140 142 143
4 145 146 150 157
4 161 167 168 169
3 171 173 176
4 178 179 183 184
3 191 194 202
2 205 206
4 209 211 215 216
2 220 222
2 223 224
3 227 228 229
4 232 238 239 241
3 243 246 248
3 250 253 255
2 257 260
4 262 265 270 272
2 275 281
3 287 290 291
4 293 296 297 303
3 305 308 309
4 312 313 314 316
3 317 318 321
2 323 327
4 331 335 338 340
2 342 343
2 344 346
3 349 354 355
3 357 366 368
3 370 374 380
3 381 382 383
2 386 389
3 393 398 402
3 404 406 408
4 413 415 416 417
3 418 426 428
4 435 436 440 456
4 457 458 464 465
3 466 469 470
2 471 476
2 477 478
2 479 480
3 481 483 485
2 487 488
3 489 491 493
4 496 16 22 25
4 26 27 29 32
2 36 40
4 41 44 45 46
4 50 54 56 59
3 66 69 70
2 76 78
3 79 80 81
3 92 95 100
2 101 104
2 106 107
2 109 112
3 114 115 116
4 119 124 128 129
3 132 136 138
2 144 148
4 151 152 153 160
4 164 172 174 185
4 186 195 198 200
3 204 207 217
4 226 233 237 244
3 245 247 251
3 254 259 267
3 269 274 280
4 282 284 285 289
3 295 304 307
2 325 332
4 339 341 347 359
3 361 363 365
2 372 373
2 377 378
4 379 390 395 401
3 411 425 432
4 446 450 453 460
2 461 468
4 490 494 3 6
4 8 10 13 18
2 23 24
2 31 55
3 65 71 89
2 90 91
3 99 105 117
4 121 123 139 149
4 159 162 163 177
2 180 188
3 192 201 203
3 214 218 225
3 230 235 242
2 263 268
2 276 278
4 283 294 302 328
2 336 345
2 348 351
4 353 362 364 375
3 384 388 391
4 392 394 397 399
3 400 403 407
3 412 422 424
4 427 429 431 437
2 438 442
4 444 447 449 459
3 467 472 474
3 497 5 15
3 19 20 34
4 60 61 147 175
2 181 187
3 193 199 208
4 219 231 236 240
2 249 258
3 271 273 277
4 288 292 311 320
3 324 356 360
4 367 385 387 396
4 405 409 419 430
4 433 439 445 455
3 473 498 499
3 0 38 48
4 52 108 111 113
3 155 166 210
3 221 234 261
2 264 298
4 310 329 350 371
4 376 434 448 451
4 452 463 475 486
2 11 64
4 72 73 120 141
2 156 158
2 170 182
3 213 266 301
4 319 337 410 443
2 462 484
3 495 7 17
4 86 154 189 212
2 334 352
3 358 414 492
4 1 14 21 256
3 279 299 306
4 315 322 330 421
3 454 12 33
2 47 165
3 300 326 482
4 28 35 93 97
4 190 196 197 252
4 286 333 369 420
2 423 441
