160
3 34 431 305
3 67 446 185
3 17 464 129
3 451 97 29
3 157 496 307
3 291 467 5
3 162 161 330
3 388 137 207
3 164 133 123
3 345 425 21
3 443 320 4
3 303 197 399
3 362 336 96
3 118 343 115
3 205 473 215
3 158 141 350
3 168 206 69
3 423 154 42
3 396 102 184
3 50 269 214
3 186 391 442
3 130 334 427
3 378 225 341
3 469 373 365
3 463 493 41
3 221 9 37
3 410 487 429
3 95 285 418
3 317 455 149
3 171 94 483
3 153 492 265
3 155 80 280
3 306 2 490
3 87 1 344
3 308 434 407
3 392 145 321
3 479 48 395
3 6 242 220
3 430 338 71
3 475 411 99
3 110 223 15
3 191 454 284
3 14 253 403
3 70 88 335
3 239 412 196
3 32 449 65
3 371 105 258
3 420 457 379
3 359 174 216
3 316 8 61
3 283 481 165
3 372 278 452
3 125 295 114
3 247 116 272
3 325 202 438
3 156 333 370
3 35 132 44
3 296 82 72
3 310 53 355
3 486 121 173
4 106 124 380 494
4 135 113 408 111
4 229 230 144 415
4 435 324 63 426
4 148 198 495 224
4 46 18 246 485
4 268 453 293 437
4 319 45 194 314
4 90 36 188 318
4 465 89 416 436
4 354 100 462 181
4 91 57 160 219
4 257 366 277 235
4 290 128 93 43
4 302 152 234 478
4 398 279 213 109
4 143 433 159 282
4 147 175 347 286
4 468 301 256 27
4 232 297 360 163
4 243 178 459 440
4 275 212 386 131
4 497 84 482 271
4 86 172 126 236
4 419 402 119 348
4 24 22 448 136
4 11 112 244 476
4 351 456 413 424
4 201 491 367 101
4 59 151 328 383
4 276 450 304 146
4 363 368 474 58
4 401 60 369 313
4 169 103 241 98
4 477 381 210 406
4 76 489 382 441
4 484 183 167 432
4 259 211 78 260
4 10 38 47 226
4 312 267 134 3
4 337 26 326 352
4 66 64 252 327
4 300 203 142 358
4 294 218 12 405
4 309 299 254 74
4 374 108 400 54
4 228 177 385 122
4 195 422 25 466
4 233 40 298 51
4 480 384 311 349
4 107 329 445 189
4 417 447 263 274
4 92 200 204 261
4 179 231 292 176
4 39 79 150 364
4 315 460 439 227
4 250 30 428 281
4 33 199 238 187
4 73 249 414 404
4 353 83 16 180
2 470 471
2 13 55
2 20 273
2 193 288
2 138 245
2 377 140
2 458 472
2 117 182
2 190 77
2 498 251
2 289 322
2 339 270
2 444 393
2 7 390
2 361 127
2 139 104
2 170 166
2 499 287
2 323 461
2 81 346
2 389 266
2 75 357
2 409 332
2 342 356
2 209 394
2 255 375
2 28 421
2 376 340
2 264 240
2 488 248
2 262 217
2 331 387
2 56 237
2 192 31
2 68 62
2 52 49
2 120 208
2 0 222
2 19 23
2 397 85
