169
4 475 95 391 201
4 63 79 403 261
4 178 280 131 354
4 6 76 423 194
4 372 423 440 265
4 442 476 287 96
4 253 296 238 182
4 425 7 446 112
4 152 486 467 127
4 211 285 479 228
4 195 182 446 159
4 313 31 7 196
4 324 375 74 296
4 20 249 230 79
4 389 148 388 391
4 454 219 52 408
4 263 471 86 489
4 4 45 485 417
4 134 163 18 6
4 74 484 198 109
4 259 439 302 391
4 293 260 342 379
4 103 341 65 209
4 102 261 154 473
4 203 403 384 286
4 415 370 135 83
4 412 389 201 39
4 265 408 372 176
4 11 91 214 200
4 41 81 155 329
4 447 176 334 428
4 465 446 262 49
4 296 125 322 455
4 180 172 105 19
4 440 386 283 303
4 170 414 464 352
4 112 162 171 396
4 205 35 350 335
4 462 432 465 221
4 179 32 425 404
4 466 256 141 262
4 230 93 214 159
4 100 332 350 0
4 198 184 43 64
4 363 366 66 346
4 439 397 181 334
4 149 346 151 408
4 489 159 204 30
4 93 310 43 215
4 299 460 141 230
4 332 39 184 205
4 340 113 193 343
4 415 216 334 327
4 104 332 246 64
4 236 11 413 192
4 333 294 490 414
4 303 371 78 482
4 325 182 15 125
3 134 224 362
3 368 294 161
4 282 176 62 418
4 320 167 162 398
4 488 7 192 459
4 116 82 80 197
4 333 483 238 71
4 396 429 476 446
4 404 193 416 55
4 88 234 490 181
4 57 25 357 206
4 93 42 387 200
4 441 475 56 92
4 85 85 243 101
4 6 0 52 139
4 260 16 146 124
4 265 416 71 478
4 240 359 45 411
4 441 281 334 335
4 271 134 52 104
4 124 116 29 46
4 173 245 457 4
4 2 410 111 2
4 203 169 121 228
4 271 403 410 85
4 74 349 4 408
4 490 105 96 149
4 380 252 238 330
4 273 116 368 454
4 257 445 402 104
4 197 101 73 189
4 367 47 284 111
4 397 408 372 220
4 164 170 305 72
4 296 53 127 229
4 339 265 395 316
4 395 242 284 170
4 14 101 209 373
4 327 346 9 129
4 77 320 475 481
4 464 114 99 351
4 343 34 145 457
4 309 374 59 231
4 266 194 132 441
4 16 263 199 88
4 406 225 199 191
4 58 344 416 480
3 489 224 170
3 150 193 409
3 325 443 183
3 230 41 102
4 477 374 67 481
4 277 240 290 157
4 142 255 462 414
4 15 357 246 337
4 201 255 130 446
4 392 142 166 309
4 483 139 74 168
4 76 466 354 316
4 250 68 352 172
4 260 455 465 1
4 387 83 193 106
4 213 82 126 190
4 181 289 132 428
4 202 249 345 392
4 360 118 358 294
4 22 82 110 7
3 428 306 433
3 218 388 444
3 438 252 5
3 493 466 215
3 465 388 466
3 199 64 464
3 186 335 275
3 466 190 115
3 82 154 236
3 197 345 238
3 183 411 248
3 245 339 308
3 477 293 287
3 381 215 190
3 257 177 340
3 168 456 433
3 383 390 156
3 481 417 282
3 348 54 59
3 255 276 13
3 306 237 249
3 73 351 447
3 21 38 111
3 469 322 51
3 252 147 485
3 443 188 380
3 166 84 234
3 387 367 450
3 216 88 377
3 89 315 474
3 168 464 352
3 256 98 41
3 98 156 166
3 411 195 468
3 138 448 5
3 467 280 463
3 421 105 424
3 290 297 30
3 472 266 166
3 301 3 17
3 282 323 20
3 262 345 246
3 225 16 48
3 276
