1628
4 92 420 494 1000
4 770 1406 8755 1429
4 817 1244 1300 191
4 1367 1432 1037 959
4 1566 1577 1736 8275
4 1842 2014 2048 2063
4 2247 9715 3658 9183
4 2404 2593 2609 2435
4 2989 3130 1627 9920
4 3288 3497 1633 8114
4 3460 367 9783 881
4 8068 9939 775 9998
4 4264 4265 4459 6065
4 4603 4722 3940 2147
4 4934 5112 4891 1308
4 6032 5159 9742 563
4 5762 6271 895 7174
4 6552 9472 8343 6156
4 6795 6906 2181 5648
4 7039 7169 2933 3201
4 7291 7446 7469 3862
4 7774 3164 9094 3918
4 8005 8169 9740 6505
4 8225 8350 2730 7758
4 8404 8492 4348 1010
4 8575 8619 9385 6792
4 8691 8795 7189 8171
4 9441 3025 9145 8204
4 9467 9494 9581 3481
4 9738 9824 9918 2564
4 35 8281 7424 1795
4 375 551 663 9481
4 882 944 291 5495
4 1072 2326 779 2959
4 1370 1739 1075 7253
4 1879 1910 6979 2076
4 2223 2287 4186 2083
4 2618 5352 9652 1603
4 8309 3243 4707 9731
4 3230 3252 3294 9162
4 3652 7987 6084 4255
4 3836 3858 4072 564
4 4207 4275 131 2606
4 4917 5990 5742 4433
4 4889 4903 4921 9273
4 5116 1925 8768 3977
4 5258 5414 5571 1472
4 5626 5933 9577 7122
4 6116 6138 5152 3436
4 6383 6408 5134 1027
4 6433 6469 6594 6736
4 6867 6936 7054 2365
4 7082 2397 5650 1259
4 7680 7790 8046 8074
4 8092 8120 1707 1820
4 8787 8800 3995 1184
4 8993 701 1854 1497
4 9300 9417 9428 5746
4 9460 4756 7147 8109
4 9850 15 7765 5360
4 603 6027 1063 7347
4 932 710 3861 3074
4 1251 1342 1360 1380
4 1398 1500 7157 3131
4 2317 7013 3188 6577
4 2641 7961 2659 2770
4 2764 2853 9389 5592
4 2991 3380 3406 3441
4 3461 3545 3550 3576
4 3831 7099 3061 4340
4 5062 570 2285 2986
4 5186 5319 5477 5587
4 5590 6139 3981 171
4 5002 4583 8319 4412
4 6475 6696 6722 8232
4 7021 6218 3220 3290
4 7448 7650 3938 9834
4 8050 8096 8191 5105
4 8192 8280 5092 6750
4 8825 8840 8914 9116
4 9287 3745 8781 3467
4 9353 9388 9813 1671
4 99 429 6762 5357
4 4614 6648 5331 6477
4 1245 1463 1468 3455
4 1493 1641 282 246
4 1828 2017 2507 7319
4 2519 2638 2945 1383
4 3197 2470 8504 9601
4 3387 3571 6952 4786
4 3603 3682 3931 5711
4 4114 3659 6178 2387
4 4589 4593 5123 160
4 4743 4998 5202 9340
4 5228 5552 8060 2563
4 5634 5857 4329 6483
4 8620 6752 5605 5996
4 6710 3502 8802 2293
4 7113 7182 3732 6333
4 7450 7705 2576 9255
4 7811 8054 6343 3741
4 8121 8765 9571 7487
4 9228 9290 8384 3346
4 4651 3066 2338 9327
4 52 116 135 266
4 368 470 524 4608
4 713 927 6198 5237
4 1104 1108 1640 3205
4 1788 2424 7938 1716
4 1662 1748 7572 3511
4 1938 5004 1174 2183
4 1950 2132 2640 1931
4 2832 2871 9074 4878
4 3198 3435 3525 3572
4 3876 7323 6986 9059
4 4130 4145 4310 5526
4 4580 4686 7820 1905
4 4759 4812 5069 8538
4 5394 5403 5684 1236
4 5818 5971 6372 3108
4 657 740 2309 9114
4 6217 6251 6295 6303
4 6461 6855 2071 273
4 7379 7396 8803 3591
4 7575 9195 8981 1560
4 2795 7965 9899 7198
4 3373 1573 8261 4718
4 8678 8974 9113 9132
4 9317 9334 9498 8935
4 9477 9782 4677 762
4 9817 9947 9967 6819
4 9992 5238 6296 8032
4 1241 5679 9547 794
4 1448 1617 8154 1248
4 1772 1901 9395 8937
4 3094 3100 4287 6958
4 3215 3245 3182 5036
4 3287 3642 7803 5188
4 8971 9474 2541 7909
4 4086 9375 9190 6316
4 4180 4755 4760 1489
4 5447 8520 6468 6162
4 5555 5560 5826 411
4 6066 6200 6523 6597
4 6909 7107 7160 9479
4 7358 2685 3491 6119
4 7503 8024 8041 8646
4 8157 8188 8428 7762
4 8953 9012 9040 1652
4 9412 1973 8081 2411
4 9480 9666 8734 6872
4 9916 2848 3484 2067
4 9979 5349 2600 8910
4 495 625 1280 8505
4 1017 1993 5445 3722
4 1096 8392 8439 760
4 2735 8149 5115 7225
4 3032 3056 1227 3093
4 3319 3430 3894 9891
4 3957 4015 5458 891
4 4024 4051 4081 4152
4 4181 4253 4342 2636
4 4350 4606 1048 9173
4 4897 4941 8198 6834
4 5788 5155 9622 892
4 6241 6820 9662 7746
4 7053 7317 6631 7270
4 7456 8048 8279 5478
4 473 3171 2211 476
4 8887 8892 8905 4728
4 9396 4550 64 5630
4 125 981 102 3803
4 1019 1144 754 9830
4 1325 1456 9003 6987
4 1785 1855 2069 4510
4 2445 2644 2679 3431
4 2780 2844 2865 2869
4 2923 3151 3388 7673
4 3589 4105 530 3137
4 3701 3711 3921 8531
4 4125 4166 4364 736
4 4471 5476 4027 6347
4 5109 5230 3505 5154
4 5354 5390 7814 707
4 5654 5673 5735 773
4 6061 6194 863 2187
4 6422 6588 6758 1479
4 7722 7776 8035 7035
4 7784 1404 4218 7257
4 8243 8497 4137 7443
4 8843 6056 934 9597
4 9191 9279 9310 9422
4 9442 9452 2085 7601
4 9809 9997 768 4354
4 339 702 6046 2784
4 897 5946 7952 4003
4 4396 787 2961 436
4 1365 1926 8736 5745
4 2037 2078 3270 2157
4 2130 2458 2667 5999
4 2714 2680 6540 1683
4 2938 2965 9508 4309
4 3160 3190 3200 7426
4 3462 9703 6267 974
4 6345 8177 344 3936
4 4499 4597 2745 8490
4 4673 4745 4927 9613
4 5348 6460 9607 6822
4 5930 6013 9370 7953
4 6071 6091 6204 5890
4 6207 6667 5964 9849
4 6732 6877 7027 751
4 5014 7671 8028 5044
4 7701 6120 6515 7723
4 8184 8315 8385 73
4 8427 8627 7955 2206
4 8973 9058 6960 539
4 9064 9402 6399 9423
4 9827 9831 2045 2281
4 9925 109 387 7641
4 397 426 454 1333
4 497 177 3296 6487
4 843 9275 4713 5024
4 1239 1394 1425 1520
4 1674 1896 2004 2015
4 2031 823 8988 2135
4 2197 4154 6415 6067
4 2524 2654 3680 7079
4 2791 2822 2914 3813
4 3036 3071 3162 2953
4 5766 7372 4084 6860
4 3872 3974 3999 7124
4 4250 4395 9893 695
4 4586 4862 5103 7824
4 5288 5434 8821 6236
4 5737 5738 5843 1882
4 5855 5858 6557 4495
4 6954 1727 6057 1455
4 7193 7325 7619 6121
4 7720 7930 7835 9314
4 8025 8402 7836 498
4 8544 8664 8723 2760
4 9170 9476 6043 7310
4 488 543 8522 147
4 913 1069 1232 3354
4 1312 1680 9394 7075
4 2350 7211 3465 5680
4 36 4753 6602 8174
4 3067 2681 4645 9927
4 3143 1619 8495 6330
4 3342 7327 953 9032
4 4302 6037 837 3689
4 4730 4831 674 3124
4 5071 5204 6129 5412
4 5334 5372 1679 1166
4 5507 5572 5761 5805
4 6041 6863 3310 1612
4 6895 7285 3323 7858
4 7505 7217 1397 5057
4 8234 9149 637 3692
4 8378 384 9225 4834
4 8790 6931 6039 4518
4 9531 9598 2192 6887
4 9244 6556 8235 5884
4 679 694 6016 2530
4 1816 1906 8957 2052
4 6140 600 9630 9789
4 2322 2440 2478 7320
4 3433 9117 5218 3116
4 3725 4021 6868 4737
4 4383 4401 4585 4835
4 4815 4908 4909 8224
4 5408 5567 2554 2243
4 6165 6211 9741 5291
4 6786 585 5787 7429
4 6978 8296 7997 8986
4 7282 7435 6431 508
4 7874 7974 8088 8216
4 8482 8621 2990 2313
4 8479 1458 4057 9456
4 8976 9056 1872 580
4 9335 9497 9683 8605
4 9756 79 4216 5070
4 90 166 437 7845
4 758 852 933 7916
4 1098 1417 3738 2941
4 1797 6658 8226 8440
4 1991 2034 2263 2372
4 2374 2414 2482 1868
4 2547 2625 2755 6018
4 2768 8340 1894 1328
4 3231 3351 8754 6136
4 3920 3998 4162 3690
4 4366 4472 4060 1699
4 4476 4485 4587 814
4 4805 4836 4970 5031
4 5089 5320 5468 1428
4 5987 6797 2386 9008
4 6362 3498 9923 4705
4 6813 6896 7280 2759
4 7497 4944 9349 2142
4 7714 8071 9642 2349
4 8262 8324 8105 4773
4 8847 8622 9348 1309
4 8926 6495 1915 8156
4 9697 8557 1540 5532
4 547 599 5232 8510
4 879 946 980 1002
4 1710 1760 6323 4973
4 1875 1914 1916 759
4 2261 2315 8930 4617
4 5730 9987 3742 39
4 2926 3098 810 9729
4 3183 2517 7196 5972
4 3609 3661 3706 7517
4 3900 3967 1054 5992
4 3989 4073 4118 7139
4 7991 5779 1193 127
4 4751 4776 4974 5226
4 5326 5623 5932 8255
4 5955 5975 3897 8552
4 6292 6883 4381 5593
4 7468 7519 1702 2208
4 6999 2797 3665 8399
4 8178 8358 9160 1073
4 8885 1506 1786 1182
4 9071 9103 3187 3713
4 100 1297 7594 909
4 231 351 445 490
4 692 5464 1033 1697
4 1204 9901 2266 7299
4 1657 2816 34 9935
4 6118 324 3636 3419
4 5311 7007 9022 7348
4 3040 8890 3799 4200
4 3429 3592 9141 8429
4 3650 3982 4225 7416
4 4268 4324 4481 3494
4 4779 5433 4519 4437
4 5564 5687 5978 1668
4 5775 5784 5827 6299
4 6317 6335 5305 9692
4 6464 6486 8448 2660
4 6135 7032 2508 8325
4 7188 7354 7598 7806
4 8057 8710 9409 9131
4 8182 8317 8460 3185
4 8488 8656 8672 631
4 8841 8909 2325 6457
4 9001 9268 9277 9206
4 9373 9676 9915 4210
4 9937 4037 5275 2273
4 243 460 664 3246
4 1419 2254 6078 929
4 1600 1779 3714 5588
4 1784 2434 2441 2487
4 2493 2501 2559 3656
4 2639 4817 4388 9983
4 4061 4071 4204 3456
4 4278 4785 2653 3613
4 4799 2352 1060 3015
4 5656 5707 6047 5866
4 6385 6394 6793 2220
4 6893 7004 3735 2355
4 5628 1712 1031 5215
4 7297 7331 3715 2720
4 7506 7767 3217 3353
4 7926 8072 8002 5059
4 8476 9517 2637 1522
4 9110 9315 9378 9515
4 9654 9757 9046 3804
4 334 416 705 3783
4 648 5633 8426 5321
4 1023 2655 8464 1025
4 1715 6470 5968 3062
4 1823 8593 3177 6510
4 1927 2177 2429 2430
4 2494 2761 268 9221
4 2833 2867 3005 3013
4 4083 527 6706 1355
4 4803 5797 198 2032
4 5392 8542 4808 8873
4 5484 5525 5541 5659
4 5743 1095 572 2336
4 6349 7338 3829 8559
4 6847 6889 2817 3479
4 7269 7277 3329 2698
4 7520 8018 5102 440
4 8175 6197 6428 5221
4 2126 5278 2668 8419
4 8357 8690 8718 2581
4 9133 9358 9705 287
4 9956 592 1814 3222
4 685 732 755 8253
4 1007 7111 3729 4626
4 1660 1798 2073 6311
4 2615 2737 3910 9051
4 2787 2960 6293 7020
4 3238 379 8162 6099
4 5487 8671 9812 320
4 4382 4431 5721 74
4 9540 2232 1632 7603
4 5438 3624 3510 2916
4 5524 5647 5669 2569
4 6439 6089 1810 3224
4 6598 4609 1282 4128
4 6779 6816 6884 6911
4 7195 2202 2139 8323
4 7935 8033 9592 7823
4 1745 4698 4413 4462
4 8687 8798 8830 8599
4 8871 2772 1295 6608
4 9231 9492 4127 2077
4 9743 9874 2075 1757
4 340 7772 7872 7102
4 408 5339 3763 162
4 991 1041 4464 7534
4 2511 6358 7492 3539
4 2396 9599 2574 2119
4 8313 9188 7725 5695
4 3128 8545 5796 2356
4 3537 3569 3594 3191
4 4023 4212 4345 4032
4 5011 1262 8715 1201
4 830 5068 104 986
4 5337 5411 2706 9466
4 5911 6624 6716 1578
4 7028 4157 3117 5190
4 7470 7817 7838 5498
4 7869 7915 1399 8587
4 8327 8518 8999 4272
4 9095 9216 842 7719
4 9408 9732 2204 9125
4 80 8373 9922 1260
4 247 353 807 1792
4 952 8902 5929 6765
4 1053 1150 1173 4896
4 1240 1368 8592 4002
4 1682 2118 6417 7735
4 2214 2362 6239 1776
4 2901 2940 3000 4533
4 3524 7366 4362 3521
4 414 4282 9418 8703
4 4087 4189 1386 1437
4 4368 4560 202 4692
4 4881 4991 2927 7564
4 5076 5269 4319 1211
4 5314 5452 8642 1467
4 5880 6113 7334 253
4 6672 6728 4605 8906
4 7137 7336 1949 999
4 7485 7702 4442 5706
4 6604 9005 7630 9366
4 8335 8623 8846 8904
4 9665 9619 9000 9129
4 9672 9909 7467 9913
4 557 855 7300 4637
4 963 1375 9084 6019
4 1441 1498 602 2332
4 2416 2421 5266 6941
4 2981 3069 816 3239
4 3184 3291 3599 1131
4 3606 3676 7239 8401
4 4096 4640 2648 1812
4 4629 9524 7662 9014
4 2855 3805 2201 8515
4 5194 5300 7066 9303
4 5455 5497 5638 5662
4 6538 6924 4532 3996
4 6688 6900 5629 3393
4 6826 6974 7303 4528
4 7604 7644 6574 6839
4 7910 8030 8055 5461
4 8106 8140 8583 6216
4 8700 8818 2290 1625
4 8856 8901 8925 9815
4 8939 9052 9079 757
4 9177 9439 577 8855
4 9516 9579 9615 7268
4 6449 3163 2341 6369
4 3298 3027 1001 9569
4 1092 1264 8594 7561
4 1565 1919 1962 2195
4 2312 2449 2392 9421
4 2450 2528 8155 8400
4 3345 3418 4444 1740
4 4213 8967 5048 3959
4 3964 4203 6948 466
4 4380 4643 6874 4770
4 4729 5093 2469 7736
4 5712 5922 7150 5111
4 6030 6413 9073 6419
4 6789 968 7332 5143
4 7495 7615 7698 500
4 8091 8111 6548 3247
4 8294 6082 226 8316
4 8699 8982 6780 6479
4 9520 7514 6714 3283
4 9928 98 232 3751
4 484 1997 1109 3377
4 744 874 5393 146
4 1384 6192 8864 6223
4 1670 1692 8654 9726
4 1782 2599 9640 8217
4 3365 3851 3778 4768
4 3923 4075 4140 7249
4 4281 4316 9828 6725
4 4526 4539 4945 1903
4 5022 1460 878 3042
4 5562 4708 6595 5440
4 8997 9839 9964 5776
4 6642 6798 6928 4666
4 7023 942 2717 6663
4 7440 7798 7341 819
4 8112 8306 1064 62
4 8308 8433 5849 9841
4 8590 8611 8741 8852
4 9293 9440 3396 8872
4 9449 9840 5442 5299
4 9911 5 122 9673
4 389 782 6406 271
4 748 2092 7958 571
4 985 1268 1269 1304
4 1834 6568 7565 7670
4 2701 3483 5361 7704
4 3574 4674 7535 1168
4 3919 3954 3343 4448
4 3556 7870 7011 2284
4 4866 318 6609 9560
4 5084 5110 5195 9919
4 5450 5519 9325 6040
4 6011 6070 3095 7484
4 6455 3413 9266 5313
4 7213 2876 4584 2366
4 7232 7271 7566 4646
4 7775 8076 8146 697
4 8496 8668 8946 8948
4 9435 9482 276 7848
4 9558 2677 9248 5848
4 9668 9847 134 9150
4 265 552 749 5431
4 1334 8481 4738 95
4 1543 1548 1644 4018
4 1773 2236 2628 1615
4 2813 2495 2049 3771
4 3241 3303 9318 5944
4 3688 1051 8100 7863
4 4665 1642 2406 7266
4 4683 5126 1591 5032
4 5561 5703 5307 7051
4 5934 5942 6235 6947
4 6525 6891 7908 1029
4 7844 5802 1907 9626
4 7301 7755 4456 2116
4 8360 3397 4202 1536
4 8565 9391 1020 8143
4 9416 7389 3392 5485
4 975 676 2062 3503
4 1414 1451 8730 6829
4 1689 9800 8485 6547
4 1960 2133 3844 6639
4 2188 2219 2257 4119
4 6341 2250 5681 9254
4 2800 2856 2913 112
4 3758 3078 1470 3167
4 4056 3527 655 2778
4 4299 7437 2560 9455
4 5037 5124 9778 4188
4 5223 5290 5421 4676
4 5646 6268 7851 3546
4 6482 6760 294 4654
4 7508 7885 4754 2114
4 8245 8408 8850 1549
4 9025 3873 6028 4689
4 9142 9285 2340 6203
4 9565 3699 3638 9328
4 357 6053 4261 4816
4 907 1038 6360 5108
4 1352 1887 1890 2054
4 2058 4552 237 7298
4 2146 2150 2383 7235
4 2748 2826 2840 856
4 2915 2998 6856 6238
4 3237 3269 3432 8403
4 3646 3864 5100 6310
3 3934 4315 2229
3 4321 4424 84
3 4029 4684 6796
3 4955 5216 6260
3 4511 1507 2526
3 5764 5801 2121
3 5861 4906 1646
3 6124 4288 3533
3 3328 3284 4484
3 8069 6808 8203
3 6791 1511 6396
3 7353 4802 2810
3 7473 2540 1128
3 7905 8194 8205
3 8390 7541 4857
3 8720 8738 3081
3 5285 5789 5016
3 8271 7940 3409
3 9994 5120 5358
3 9536 2849 9387
3 447 3548 8467
3 792 6782 5213
3 1301 1503 4844
3 1672 4633 8769
3 5067 1143 1979
3 2361 2460 2646
3 2699 2846 2918
3 742 9644 5717
3 3568 4116 7737
3 3614 3649 4294
3 4446 2777 3955
3 4931 5142 3026
3 1101 4623 7827
3 5546 5739 1613
3 5935 6250 6841
3 6561 1459 887
3 6838 3670 7214
3 5846 9486 9202
3 6949 7016 165
3 7414 8900 7712
3 8020 2141 71
3 8151 8582 6338
3 9144 9343 1557
3 9512 2194 8949
3 9702 5133 8455
3 595 1985 4557
3 1124 502 4314
3 1327 1442 3880
3 1605 1957 321
3 2409 589 1187
3 2419 8649 4564
3 2818 3007 5129
3 3043 3181 4648
3 3192 3221 3249
3 3403 5516 8418
3 4010 1356 3084
3 4219 169 5644
3 5582 1163 7351
3 5608 7786 4682
3 5847 1246 140
3 5867 6029 438
3 6131 9041 8410
3 6324 5289 2394
3 6348 6521 7941
3 6566 6764 3991
3 6869 6907 6929
3 7080 2972 3946
3 7478 6033 2186
3 4277 5501 501
3 9115 8680 2765
3 9671 9762 7954
3 141 7989 8124
3 250 295 6390
3 455 8087 4517
3 619 808 3800
3 2995 6214 3385
3 1623 1663 9769
3 1974 799 9941
3 8657 9432 9407
3 2763 5260 7655
3 3320 9434 4441
3 3532 8218 9214
3 3958 4138 4256
3 4270 4548 9181
3 4570 528 9582
3 4901 846 6507
3 9380 4924 1127
3 6083 6191 5448
3 6247 6501 5073
3 7548 7576 8814
3 176 7109 1
3 8371 2925 4563
3 8550 7154 9633
3 9587 3789 4567
3 9596 9727 9140
3 9982 9306 8398
3 9989 6440 3180
3 469 496 4175
3 765 1904 8141
3 1655 4813 138
3 1968 1981 1310
3 7226 5617 7600
3 2479 2605 8616
3 2724 2792 5781
3 6810 7373 1790
3 3260 2364 6283
3 3622 4943 5256
3 3660 3774 5245
3 3820 3835 8952
3 4888 8450 1780
3 5655 1481 9262
3 2695 4988 5690
3 8361 7192 3733
3 8943 51 2082
3 6423 2003 9256
3 8339 3890 9322
3 6687 6755 7679
3 6975 7207 7462
3 7918 400 2294
3 8838 7593 8923
3 8669 7563 2321
3 8792 2262 2721
3 9104 277 2270
3 9403 3647 3175
3 9437 9485 9621
3 9643 9803 2024
3 187 239 8859
3 612 281 9709
3 785 9443 9039
3 2001 2880 3277
3 2178 2225 2448
3 2468 9526 5927
3 5374 9688 4394
3 2857 3366 1653
3 3598 3634 665
3 7337 548 6733
3 4540 1815 5982
3 4568 1857 3468
3 5054 8630 1032
3 5185 4080 7494
3 5580 7609 1813
3 6249 4616 7937
3 6625 5094 173
3 6837 2151 7602
3 7265 7295 1531
3 7568 7587 5286
3 7681 2863 6153
3 7892 8016 9735
3 8181 8269 8526
3 8551 8774 1171
3 9054 947 3039
3 9130 6503 2861
3 9781 1585 5459
3 9945 515 8995
3 505 979 1008
3 1083 1088 1103
3 1421 4182 7089
3 1794 6442 2242
3 3216 9863 3726
3 2275 2371 8434
3 2970 2976 2413
3 3172 8634 4004
3 5282 5599 7708
3 4005 3122 9260
3 4492 9242 5018
3 4832 3630 1967
3 5224 3992 4307
3 5242 5692 5842
3 4455 841 1597
3 5956 5974 6044
3 6286 1958 5263
3 7539 7676 6695
3 7620 7891 7913
3 8078 2446 1826
3 8878 7690 4303
3 8962 6767 9119
3 7947 6367 221
3 9352 9424 4721
3 9867 8437 3010
3 832 1474 4946
3 1544 9906 5759
3 2521 1159 1771
3 2678 9593 6646
3 3204 4784 8312
3 3374 2377 582
3 3560 3848 8898
3 3925 4070 6831
3 4306 7247 4285
3 1594 5386 3337
3 4852 5047 8049
3 5193 3826 377
3 5688 7833 6916
3 6368 1233 4700
3 6771 7046 8288
3 9430 2080 6435
3 1637 9393 9377
3 8788 9026 9207
3 661 5490 7912
3 623 7971 7511
3 966 1042 327
3 1263 6610 7208
3 1860 1956 4164
3 1977 2131 6756
3 2532 8917 4948
3 2513 2690 8330
3 2930 861 1571
3 3731 261 3604
3 4110 3019 9548
3 4115 2693 1677
3 4515 4530 9308
3 4873 4545 4735
3 4936 5180 7977
3 5303 5369 1932
3 323 4869 8888
3 6504 3963 8820
3 7263 3668 6573
3 7287 4893 9288
3 8122 8666 2700
3 8547 3756 4155
3 8848 3596 4246
3 9066 9090 9493
3 8922 4172 6657
3 190 4038 9410
3 262 1291 2337
3 1005 4625 9751
3 1189 6291 2038
3 1402 1758 3579
3 5568 2454 9737
3 5997 8354 6734
3 3478 2021 4918
3 8341 7933 4647
3 3909 4035 2415
3 4408 3423 5033
3 4963 5012 7272
3 5367 3640 4547
3 5967 7999 7513
3 1336 5322 2568
3 6888 7180 5828
3 7498 8844 851
3 2174 2782 9580
3 7895 7279 5750
3 7794 7866 6532
3 8017 1537 1102
3 8099 2401 5081
3 6287 6980 2886
3 9180 8534 6935
3 9211 4596 4058
3 9912 235 2155
3 6865 8301 928
3 475 809 322
3 1055 1219 2101
3 2743 5492 4192
3 1539 1628 7686
3 2097 2790 1444
3 2523 2557 4659
3 5388 3113 3020
3 9790 8270 7205
3 4280 4458 4618
3 4795 9641 3152
3 5137 3784 8688
3 5454 3376 690
3 5521 7979 1701
3 1494 1229 9069
3 6684 2499 9351
3 6982 6739 5475
3 7625 7853 7886
3 8422 8436 6969
3 286 6488 6166
3 8963 4121 8336
3 2611 3018 8007
3 3619 5347 8103
3 338 9610 6622
3 920 950 1686
3 1151 1218 310
3 1438 2992 8252
3 1645 1741 9034
3 2379 7557 9185
3 2473 2688 8874
3 7128 8758 6945
3 4022 3495 1212
3 4042 4123 4234
3 4658 4516 4088
3 2947 3378 5135
3 5456 5876 9801
3 6266 1803 5977
3 7661 2917 1808
3 7200 7754 1294
3 7570 9522 5821
3 7873 7901 4245
3 4025 1134 9169
3 8827 9017 9988
3 9331 8444 5606
3 9384 3744 6441
3 9798 9951 2534
3 9975 222 242
3 5379 6108 4190
3 993 3767 2658
3 1982 6723 5420
3 3314 3785 9760
3 3612 3492 3358
3 3907 4120 1411
3 4266 4769 3514
3 4500 4697 6382
3 5127 4173 8377
3 1893 4491 7355
3 5661 5668 8090
3 5701 5960 6337
3 6277 6374 3340
3 6996 1222 6334
3 7002 7224 216
3 2066 6397 3575
3 8213 8581 7167
3 8521 8760 4810
3 9427 5486 7156
3 9661 6542 6416
3 9970 248 6694
3 591 8352 4907
3 761 6097 7476
3 1076 6571 3625
3 1515 791 6528
3 1805 1858 8998
3 2230 2400 4882
3 4045 2670 7482
3 2801 2347 189
3 3684 4274 2090
3 2102 6489 7393
3 4243 4761 4764
3 9770 734 8393
3 5293 5317 5395
3 6832 2539 4184
3 5642 5749 26
3 6527 6670 4349
3 6918 2597 5371
3 7031 7890 153
3 921 1581 9562
3 8936 9753 6117
3 9309 1298 6426
3 9591 8051 6754
3 9786 5520 5439
3 9973 427 7678
3 1022 3821 6365
3 1243 951 8161
3 1443 1530 8042
3 2042 2907 6934
3 2306 3033 1744
3 2620 2910 7769
3 3054 2828 5273
3 3588 46 1226
3 9969 756 6641
3 4013 4313 345
3 5021 4576 2894
3 924 9016 5833
3 5726 5798 7365
3 330 5499 219
3 6536 3775 3356
3 7106 7112 8702
3 7801 7932 55
3 4935 3057 9944
3 8223 1681 9759
3 8735 1170 4429
3 8945 1778 1889
3 8001 5429 4457
3 9950 8 9940
3 5090 4271 9695
3 4601 4391 4983
3 5723 8290 7957
3 1473 1691 8577
3 2018 9258 4269
3 5257 4671 3064
3 3447 1158 6919
3 4012 9078 9257
3 4195 60 2357
3 4239 6418 2895
3 4868 422 6181
3 5267 2189 209
3 5685 5943 3325
3 6073 6114 8266
3 7159 9810 9711
3 7486 8187 2354
3 4985 4403 9772
3 8302 8934 3607
3 8458 7780 2966
3 9045 9236 1206
3 9645 9904 1067
3 9960 158 7377
3 220 374 7518
3 670 9725 5708
3 4355 5346 1554
3 2088 2253 7203
3 2696 2443 181
3 2885 1338 8283
3 2919 5140 3440
3 3446 1213 6186
3 4414 4599 2437
3 4423 4895 1525
3 5027 5528 5554
3 5603 5639 521
3 5822 6150 2623
3 6272 1407 2013
3 6512 6652 6709
3 7185 38 2601
3 7421 7843 696
3 7894 2820 9910
3 8772 8867 3453
3 9178 6221 2774
3 9239 4919 9805
3 567 6885 348
3 700 9883 1558
3 3950 7555 2405
3 1337 9604 4085
3 1454 1859 3341
3 2107 2140 6558
3 2997 4644 2269
3 3988 3339 1024
3 4198 4229 9616
3 4300 7973 7771
3 7562 3487 2378
3 5542 5689 3206
3 5709 6325 21
3 2244 8291 5353
3 7025 9381 3867
3 7646 7854 653
3 8475 8222 4949
3 8928 9208 778
3 9764 7773 2053
3 587 609 536
3 646 4112 9495
3 1550 1018 7454
3 2100 8128 8362
3 3759 2612 5119
3 2614 2703 5545
3 3255 3471 6269
3 2190 5063 506
3 4108 4494 7996
3 4512 5512 1186
3 9053 7713 6420
3 4962 3236 4719
3 5537 5503 3631
3 7378 3667 6342
3 5767 5963 6185
3 6305 6438 2712
3 6458 6496 6593
3 6815 7345 6141
3 7417 91 1676
3 8443 8660 6711
3 8762 7928 5931
3 8831 9470 1659
3 9723 4445 9234
3 1582 2238 4347
3 2651 9167 3273
3 1364 6069 4942
3 3251 3734 5915
3 3772 3797 3847
3 870 6201 838
3 4028 4104 7479
3 5003 5095 5298
3 5384 5591 6991
3 5888 2110 13
3 6783 8617 4304
3 8682 8598 1626
3 7493 8626 29
3 730 8586 7829
3 8469 8113 948
3 8260 798 1952
3 9155 9224 6917
3 329 9093 8370
3 391 777 940
3 822 1016 3865
3 3637 8670 555
3 9404 3770 3234
3 1647 1349 3179
3 4241 6668 1242
3 2348 2978 6708
3 6729 1387 691
3 3427 5328 2842
3 3780 4158 1542
3 5009 6603 1457
3 5176 5404 7919
3 7605 7531 4536
3 6151 6282 9586
3 6395 7001 3878
3 7474 5430 5635
3 7637 8077 3723
3 8345 8513 7040
3 8655 8883 9347
3 8893 9082 7831
3 6274 7868 9245
3 88 3671 5309
3 3994 2068 1216
3 815 1066 1971
3 1195 1466 8207
3 1850 2715 2687
3 2515 4851 6898
3 2665 9505 1580
3 2897 2955 6318
3 3051 3194 6389
3 7403 2455 6294
3 4122 5295 4703
3 6092 7536 1003
3 5423 5080 7822
3 5643 6227 5741
3 5925 5928 1129
3 4894 5808 7611
3 6535 6644 7412
3 7360 4460 606
3 7651 7887 8624
3 8062 8170 3090
3 9030 6950 1484
3 3139 7471 9777
3 1371 9232 8129
3 114 1284 4890
3 607 1039 5039
3 1555 1764 1832
3 1864 2316 6882
3 2633 4100 1924
3 2909 3109 7144
3 3434 7296 4765
3 3549 9037 8857
3 3644 3852 5261
3 4365 4422 9728
3 4466 4828 3451
3 2212 3349 6707
3 5364 5479 2982
3 5892 7306 7782
3 1169 5235 9376
3 6880 6881 2829
3 7162 7364 1693
3 7797 3426 8596
3 8503 8595 6513
3 1700 1217 6437
3 3806 869 9889
3 7532 3901 6908
3 418 6802 2432
3 481 2099 4191
3 829 2249 3148
3 1348 5284 3956
3 1465 1989 6297
3 2505 4199 270
3 2663 3157 3048
2 4082 1223
2 3417 3472
2 2675 7455
2 716 3987
2 4421 4443
2 6763 6145
2 1315 4876
2 1482 2514
2 9657 1602
2 6445 7335
2 6447 8964
2 7120 9253
2 7453 6276
2 7585 5953
2 5755 5508
2 2607 8749
2 9473 1833
2 9087 9708
2 9217 7855
2 9625 4227
2 9696 5924
2 906 9981
2 8757 6636
2 720 5407
2 4696 3500
2 910 7158
2 8693 4007
2 1107 8386
2 504 7718
2 1881 2779
2 6886 1690
2 2492 2622
2 2834 8686
2 8921 5814
2 1871 6508
2 764 2562
2 3415 3488
2 3961 5015
2 4389 3943
2 8176 7544
2 4660 503
2 4451 1552
2 5437 5751
2 9083 8566
2 6401 9021
2 5985 6629
2 888 6346
2 7556 9298
2 1391 4497
2 6088 8195
2 5940 4463
2 7458 8483
2 7802 2476
2 824 9974
2 8569 185
2 9360 9447
2 1844 2127
2 9886 9991
2 77 3022
2 298 6768
2 9767 6134
2 1933 8023
2 1475 3223
2 1252 1258
2 7934 4296
2 6966 982
2 1706 3232
2 2029 9681
2 9048 1572
2 2921 6106
2 3405 1563
2 9811 7460
2 6905 6159
2 9271 1140
2 6024 6801
2 369 7856
2 2389 3743
2 8777 3264
2 7438 7483
2 8600 7652
2 6122 195
2 9099 4169
2 9448 2103
2 542 4489
2 997 1176
2 1273 6951
2 1588 2973
2 4436 2433
2 1941 5901
2 1319 4308
2 2847 5905
2 8984 5465
2 9420 7201
2 9746 5402
2 3193 5381
2 1320 8160
2 4504 8421
2 6840 2391
2 1622 3810
2 9010 6240
2 6745 6976
2 6787 9541
2 6876 4551
2 7072 746
2 7949 3199
2 7316 6109
2 8173 3060
2 9693 2345
2 9884 2877
2 314 8369
2 939 3541
2 1395 354
2 2518 6651
2 2552 19
2 5491 1424
2 566 5768
2 3522 988
2 4384 2802
2 5376 1420
2 9903 442
2 5887 4904
2 2319 2156
2 6968 1945
2 3970 9
2 3144 4360
2 8211 3577
2 8805 9415
2 8826 9153
2 2477 834
2 9226 6875
2 7164 8951
2 9646 5854
2 6313 9627
2 9694 3259
2 9033 37
2 1207 4337
2 1944 4993
2 1524 8512
2 5405 7449
2 7896 4346
2 5046 43
2 3350 3408
2 4486 9123
2 4575 6766
2 5030 7691
2 5272 5351
2 5428 5589
2 5965 4338
2 1400 3983
2 6278 5509
2 4781 487
2 6912 5493
2 5085 7428
2 8127 7343
2 1293 5150
2 7246 745
2 776 3979
2 8681 42
2 2661 3881
2 3562 2535
2 3874 4017
2 9865 331
2 106 7697
2 326 4009
2 8944 7254
2 7065 2753
2 1079 5864
2 6955 5065
2 1766 3653
2 2757 2948
2 3080 3150
2 6104 3289
2 5874 8307
2 6660 1317
2 5252 5569
2 7988 6892
2 1631 684
2 7131 4006
2 8959 9929
2 7385 7452
2 8499 7968
2 8927 3121
2 9120 9845
2 5660 7914
2 4723 3335
2 9006 6173
2 8899 67
2 5722 423
2 4409 3709
2 1306 1762
2 8242 2643
2 2175 4223
2 5757 6010
2 5536 4951
2 3700 1416
2 5683 9838
2 9134 638
2 4715 1817
2 2845 8727
2 6101 8351
2 8863 6748
2 7376 8807
2 6579 719
2 6737 7591
2 9902 7840
2 2682 3924
2 7081 8514
2 7638 113
2 2444 5179
2 8356 155
2 8396 8533
2 9212 2994
2 8713 9237
2 9220 2520
2 9102 1575
2 308 417
2 1191 6742
2 7793 617
2 2465 8215
2 5401 8366
2 2725 7599
2 9784 4864
2 3091 7356
2 3240 3663
2 6434 970
2 4040 9345
2 4148 4153
2 4177 3045
2 4797 5624
2 4829 1601
2 7783 3529
2 7657 9332
2 3227 5162
2 3666 5620
2 2744 9955
2 7936 4323
2 3602 1070
2 7867 704
2 8053 5209
2 9881 8811
2 12 130
2 2626 8236
2 5904 7024
2 5255 350
2 1846 1902
2 9147 1112
2 2510 7975
2 2635 7368
2 2936 5145
2 3195 6943
2 2504 2041
2 4373 3834
2 5147 6615
2 9444 2967
2 7982 3317
2 3344 4
2 7052 3693
2 1900 18
2 7258 7756
2 7781 2363
2 647 2158
2 8039 5410
2 7074 3304
2 5914 9706
2 9240 4524
2 4001 806
2 9192 4174
2 523 4838
2 672 4129
2 8613 6984
2 2439 2057
2 319 973
2 1567 6587
2 8942 9463
2 5936 741
2 6169 9898
2 5600 7
2 5607 9537
2 2805 4744
2 7047 7613
2 5678 3627
2 8065 5601
2 8248 7967
2 3316 4984
2 8836 2233
2 255 4650
2 786 5432
2 3551 1643
2 5596 1089
2 1635 1999
2 2543 4778
2 2773 1559
2 2821 366
2 8574 6744
2 4420 3077
2 4701 5748
2 5038 5274
2 4819 9637
2 5469 3210
2 5816 6054
2 5636 7537
2 4513 4098
2 175 5422
2 1118 5312
2 5220 150
2 7732 3781
2 4559 6472
2 8381 7168
2 4326 6961
2 8463 8711
2 8933 9544
2 569 8214
2 9623 5790
2 2474 4067
2 8692 1527
2 9990 6956
2 1412 6063
2 5923 1990
2 1658 5894
2 8472 8517
2 9109 8311
2 7857 3106
2 2890 3208
2 4263 7976
2 5042 7276
2 2258 540
2 6825 2276
2 873 1666
2 1035 6921
2 5973 6006
2 9044 4251
2 1028 2227
2 6743 6751
2 4849 7653
2 9088 2323
2 1791 390
2 8560 8819
2 2044 2251
2 9259 406
2 9682 5670
2 6100 7904
2 72 686
2 8579 7352
2 1082 3884
2 9136 533
2 5020 3590
2 2551 3110
2 3321 4341
2 3695 9747
2 8813 7538
2 9953 2314
2 5782 6143
2 183 205
2 6730 8549
2 9503 7586
2 7745 2369
2 8147 5222
2 9879 8144
2 8610 3917
2 8794 9814
2 7392 4111
2 2324 4428
2 1478 7042
2 5780 1090
2 2522 9007
2 7846 1883
2 3348 1026
2 7595 6193
2 3916 8978
2 168 553
2 9806 2929
2 6871 8183
2 1946 1091
2 6142 66
2 3669 1934
2 5667 7439
2 2896 9980
2 7431 7766
2 50 9461
2 8251 1435
2 8415 4711
2 7749 615
2 560 6059
2 8597 2182
2 6392 4077
2 894 4387
2 161 4379
2 2081 4846
2 5553 2740
2 1344 9855
2 2906 1097
2 3041 3049
2 7115 3623
2 3338 7191
2 4050 9193
2 4602 3410
2 6653 8882
2 5385 7606
2 9166 3986
2 8265 9926
2 6633 3360
2 6284 6400
2 6788 6939
2 6776 7244
2 5165 5575
2 3850 352
2 6833 8180
2 9851 105
2 8502 215
2 598 2577
2 9159 7837
2 107 8208
2 1405 1462
2 1583 1153
2 2051 9067
2 2128 2691
2 3256 9278
2 5937 2224
2 1014 3372
2 8614 5169
2 6747 1423
2 4610 3347
2 3068 3437
2 5538 5851
2 7645 129
2 8029 363
2 6618 6873
2 7321 3538
2 965 6804
2 7668 4720
2 4475 8511
2 8604 4634
2 9060 4113
2 9386 3868
2 8799 4652
2 6132 486
2 1920 6635
2 2380 6858
2 2823 9502
2 2889 2144
2 9852 5471
2 2634 5948
2 7893 4782
2 4928 1738
2 9943 2746
2 82 9766
2 6493 4159
2 6570 9958
2 6690 6704
2 5740 2104
2 8303 4612
2 2587 718
2 1725 7173
2 8876 2922
2 9284 6781
2 210 8389
2 8812 7133
2 9139 9023
2 1770 6094
2 1238 3937
2 8747 3138
2 180 7420
2 5664 3564
2 9330 914
2 3597 5387
2 401 3953
2 4667 5444
2 492 6851
2 371 499
2 6074 627
2 9118 6626
2 7481 8414
2 8647 3960
2 3628 1825
2 9736 6807
2 9281 6242
2 3507 3207
2 8761 3490
2 8833 5113
2 9057 5087
2 2864 8278
2 5871 6591
2 9608 6224
2 7171 9933
2 7779 259
2 1065 1265
2 726 8070
2 9491 7665
2 8257 2496
2 3501 3399
2 7381 7311
2 2988 3044
2 1247 5239
2 3616 1392
2 3662 4165
2 4231 594
2 5838 8588
2 4752 4762
2 5396 8992
2 4801 8869
2 5700 2931
2 6995 7669
2 6004 3710
2 8519 9854
