1628
4 92 350 420 494
3 701 722 770
4 783 817 1244 1262
3 1300 1363 1367
4 1387 1432 1566 1577
3 1736 1790 1842
3 2014 2048 2063
2 2217 2247
4 2258 2273 2404 2593
3 2609 2684 2971
2 2975 2989
4 3130 3206 3277 3285
3 3288 3378 3460
4 3551 3720 3800 3850
3 3959 3962 4264
3 4265 4347 4459
4 4543 4603 4722 4748
2 4934 5000
3 5004 5112 5139
4 5270 5291 5385 5630
2 5762 6271
4 6276 6399 6552 6712
2 6775 6795
3 6874 6906 6987
2 7039 7144
4 7169 7189 7291 7446
3 7469 7552 7641
3 7708 7774 7810
3 7908 8005 8069
4 8169 8218 8225 8350
4 8362 8404 8457 8490
4 8492 8538 8575 8619
3 8680 8691 8795
3 8916 8971 9061
2 9093 9420
2 9441 9467
2 9494 9517
2 9581 9738
3 9780 9824 9918
2 35 102
4 205 246 375 551
4 663 857 882 929
3 944 1011 1072
3 1257 1280 1309
4 1370 1573 1651 1739
4 1771 1879 1910 2151
4 2223 2287 2290 2341
3 2465 2618 2655
4 2677 2719 2943 2986
2 3185 3230
3 3252 3282 3294
4 3336 3390 3436 3652
2 3836 3858
3 4017 4072 4207
4 4275 4276 4432 4462
3 4497 4687 4853
3 4889 4903 4921
2 5016 5116
3 5119 5165 5243
4 5258 5312 5381 5414
4 5475 5626 5759 5933
3 6084 6116 6138
2 6221 6267
4 6327 6383 6408 6433
4 6469 6594 6736 6867
2 6898 6936
2 7054 7082
2 7114 7226
4 7312 7680 7790 8046
3 8074 8092 8102
3 8120 8207 8249
3 8403 8787 8800
3 8910 8989 8993
2 9067 9300
2 9417 9428
3 9454 9460 9481
2 9567 9725
2 9850 9953
2 15 73
4 155 320 539 588
4 655 914 932 1014
3 1251 1342 1360
2 1380 1398
4 1420 1500 1603 1719
3 2005 2111 2317
4 2369 2413 2588 2641
2 2643 2764
2 2853 2904
3 2991 3380 3406
2 3441 3461
4 3545 3550 3576 3766
4 3778 3831 3955 4241
2 4493 4601
2 5062 5186
2 5319 5477
4 5587 5590 5620 5629
4 6139 6159 6325 6418
2 6431 6475
4 6696 6722 6980 7021
4 7034 7133 7338 7448
4 7452 7589 7650 7941
3 8050 8096 8191
3 8192 8280 8514
4 8520 8825 8840 8914
3 9116 9125 9169
3 9287 9308 9353
2 9381 9388
2 9607 9923
4 9998 99 429 440
2 563 743
3 1112 1245 1247
2 1463 1468
4 1493 1641 1792 1795
4 1828 2017 2455 2507
4 2519 2581 2638 2945
4 3081 3197 3377 3384
2 3387 3533
3 3535 3571 3603
2 3682 3742
2 3931 4008
2 4084 4114
2 4536 4541
4 4576 4589 4593 4743
4 4968 4998 5202 5221
2 5228 5440
2 5552 5618
4 5634 5857 5999 6043
2 6103 6236
3 6360 6503 6710
4 6878 6991 7035 7113
4 7182 7323 7348 7450
2 7597 7705
3 7811 7933 8029
2 8054 8121
4 8512 8666 8765 8959
4 9127 9228 9290 9704
4 9740 9898 9939 52
4 116 135 266 368
4 470 524 528 569
4 680 713 927 1025
3 1104 1108 1123
3 1236 1274 1343
2 1457 1662
4 1748 1752 1757 1776
3 1893 1938 1940
2 1950 2132
2 2286 2640
2 2721 2778
2 2832 2871
2 3198 3435
4 3525 3572 3732 3751
4 3755 3876 4111 4130
2 4145 4310
3 4418 4580 4680
2 4686 4749
2 4759 4812
2 5069 5394
4 5403 5597 5684 5818
3 5878 5937 5971
3 6048 6086 6182
3 6190 6217 6251
3 6295 6303 6369
2 6461 6658
3 6855 7029 7203
3 7379 7396 7575
3 7738 8217 8226
4 8271 8300 8416 8445
4 8481 8574 8587 8649
4 8678 8974 9113 9132
3 9317 9334 9395
4 9445 9477 9537 9708
3 9782 9796 9817
2 9947 9967
2 9992 167
4 223 724 989 1033
2 1185 1241
2 1310 1408
2 1448 1617
2 1676 1772
2 1901 2760
3 2767 2845 3094
3 3100 3116 3152
3 3215 3245 3287
4 3393 3459 3642 3815
4 3829 3868 3908 3970
4 4039 4086 4159 4180
3 4349 4755 4760
3 4864 4999 5092
3 5447 5486 5555
2 5560 5826
2 6066 6200
4 6523 6597 6909 6916
3 7107 7160 7358
4 7376 7378 7455 7477
2 7503 8024
3 8041 8188 6981
4 8255 8428 8764 8953
4 9012 9040 9112 9147
4 9351 9412 9455 9480
4 9640 9666 9808 9878
4 9916 9949 9979 9980
2 259 344
4 495 506 625 779
3 1017 1169 1379
3 1428 1434 1455
4 1769 1844 2145 2366
4 2637 2735 2753 3032
3 3056 3148 3319
3 3430 3490 3699
4 3826 3957 3960 4015
4 4024 4051 4081 4152
3 4181 4199 4253
2 4342 4350
3 4396 4606 4872
4 4897 4941 5033 5050
3 5405 5650 5893
2 5984 6004
2 6241 6820
4 6872 6970 7053 7244
2 7317 7328
2 7456 8048
3 8279 8467 8483
3 8693 8782 8887
2 8892 8905
3 9053 9396 9509
4 9783 9940 36 125
3 971 981 1019
2 1089 1144
3 1314 1325 1456
3 1458 1730 1785
3 1855 2069 2302
3 2445 2491 2644
4 2679 2780 2844 2865
2 2869 2923
2 3093 3151
3 3388 3404 3556
4 3589 3627 3701 3711
3 3921 3979 4125
2 4166 4304
2 4364 4454
2 4471 4590
2 4654 4799
3 4905 5109 5230
4 5354 5374 5390 5565
3 5571 5654 5673
4 5735 5976 6061 6067
4 6194 6386 6422 6588
3 6758 6793 6802
4 7304 7722 7754 7784
4 7816 7837 8243 8301
3 8515 8622 8706
2 8843 8949
3 9109 9191 9279
2 9310 9422
3 9442 9452 9510
2 9541 9731
3 9758 9809 9997
2 276 339
4 518 702 718 747
4 841 897 994 1048
2 1067 1255
3 1365 1721 1913
3 1926 2037 2040
4 2078 2090 2130 2276
4 2458 2667 2670 2714
3 2815 2851 2938
2 2965 2973
3 2984 3160 3190
4 3200 3236 3359 3462
3 3709 3713 3779
3 4068 4201 4303
2 4338 4348
4 4499 4597 4673 4745
3 4869 4927 5143
3 5344 5348 5695
3 5704 5871 5930
3 6013 6071 6091
4 6092 6204 6207 6322
2 6608 6667
3 6732 6877 7027
3 7070 7084 7242
4 7411 7538 7609 7630
4 7701 7762 7765 8184
3 8315 8385 8427
3 8627 8705 8769
3 8943 8973 9049
4 9058 9064 9288 9402
4 9472 9518 9827 9831
3 9897 9925 109
2 330 387
3 397 426 454
2 479 497
3 665 707 721
2 843 1028
4 1126 1215 1239 1394
3 1425 1520 1674
2 1896 2004
3 2015 2031 2032
4 2053 2158 2187 2197
4 2338 2446 2524 2613
4 2654 2675 2777 2791
2 2822 2914
2 3036 3071
4 3103 3162 3456 3520
2 3659 3723
4 3872 3946 3974 3999
2 4003 4250
2 4395 4420
4 4460 4586 4862 5103
3 5288 5434 5605
2 5679 5737
4 5738 5780 5843 5846
2 5855 5858
4 6164 6515 6729 6768
4 6954 7073 7193 7325
3 7619 7720 7763
4 7930 7976 8025 8033
4 8285 8402 8544 8664
4 8723 8937 9170 9476
3 9707 9753 286
3 488 535 543
4 861 913 1069 1232
2 1312 1486
2 1637 1680
2 1900 2099
2 2350 2387
2 2542 2606
3 2855 2868 2893
4 2894 2992 3067 3143
3 3180 3232 3264
3 3342 3733 3740
3 3770 4067 4302
4 4378 4624 4730 4744
3 4831 4849 5071
4 5114 5204 5248 5307
3 5334 5372 5500
3 5507 5572 5761
2 5805 6041
3 6555 6863 6879
3 6895 6908 7285
4 7428 7505 7562 7572
2 7582 7687
2 7867 8125
4 8234 8295 8352 8378
3 8484 8580 8790
3 8921 9389 9461
2 9531 9598
4 9653 317 442 548
4 661 679 694 969
3 1121 1242 1630
3 1816 1906 1921
3 2027 2135 2321
3 2322 2440 2478
4 2497 3010 3139 3182
3 3433 3604 3725
2 3986 4021
2 4029 4383
2 4401 4585
3 4815 4908 4909
4 5301 5318 5408 5502
2 5567 6001
2 6032 6165
4 6211 6238 6397 6449
2 6786 6978
3 7044 7161 7199
2 7282 7435
2 7437 7806
3 7874 7974 8088
2 8216 8482
3 8489 8589 8621
2 8630 8674
4 8802 8884 8976 9056
3 9202 9306 9335
4 9497 9683 9688 9756
2 9790 9924
3 79 90 104
2 166 560
3 647 758 852
3 933 1051 1098
2 1125 1417
2 1446 1560
2 1643 1797
2 1991 2034
4 2119 2263 2374 2394
3 2414 2482 2534
2 2547 2625
2 2755 2768
3 2816 2880 3065
4 3231 3304 3351 3421
4 3726 3920 3998 4162
3 4168 4295 4366
2 4472 4476
4 4485 4587 4652 4805
2 4836 4970
4 5031 5089 5320 5445
4 5468 5506 5645 5667
3 5987 6362 6465
3 6502 6626 6717
2 6813 6896
3 7280 7366 7449
4 7497 7601 7714 7769
2 7940 8071
2 8262 8324
2 8339 8394
4 8414 8444 8710 8847
2 8869 8917
4 8926 9077 9466 9630
2 9697 84
3 474 547 599
4 830 879 946 951
2 980 1397
4 1472 1710 1760 1863
4 1875 1914 1916 2093
2 2261 2284
4 2315 2403 2496 2710
4 2738 2742 2926 2995
3 3098 3166 3183
4 3548 3601 3609 3631
3 3661 3706 3767
2 3886 3900
2 3967 3989
3 4049 4073 4118
2 4261 4385
4 4626 4719 4751 4776
2 4974 5226
3 5326 5459 5623
3 5932 5955 5975
4 6214 6287 6292 6883
2 6997 7191
2 7234 7468
3 7519 7537 7563
3 7685 7846 7860
3 7947 8126 8178
2 8358 8369
4 8386 8885 9034 9071
2 9103 9657
3 9760 9801 29
3 100 113 231
2 351 445
2 490 501
4 580 584 692 710
4 751 790 1204 1246
2 1272 1657
3 1894 1997 2041
3 2114 2189 1620
2 2256 2438
2 2576 2616
2 3040 3113
2 3140 3163
3 3429 3468 3592
4 3650 3982 4210 4225
4 4268 4324 4336 4481
2 4779 4784
3 4947 5433 5564
2 5687 5711
3 5716 5775 5784
4 5827 6299 6317 6335
3 6346 6424 6437
2 6464 6486
2 6568 6861
4 6926 6951 6995 7188
4 7354 7598 7707 7747
3 7912 8051 8057
4 8182 8317 8448 8460
2 8488 8531
4 8656 8704 8799 8841
2 8909 8920
4 9001 9167 9268 9277
2 9373 9676
4 9739 9915 9937 9938
4 46 212 243 460
3 664 787 905
3 1034 1175 1419
4 1600 1659 1697 1779
4 1784 2434 2441 2487
2 2493 2501
2 2539 2559
4 2639 2682 3805 3814
3 4061 4071 4190
3 4204 4278 4362
4 4772 4785 4824 5154
4 5425 5490 5656 5707
3 5988 6047 6333
3 6385 6394 6601
4 6657 6893 7004 7012
2 7056 7141
3 7181 7205 7297
4 7331 7472 7482 7506
4 7560 7612 7767 7904
2 7926 7952
2 8072 8149
2 8341 8476
3 8480 9110 9315
2 9378 9515
2 9654 9757
4 9845 9919 334 354
2 416 705
4 731 813 853 873
2 925 1193
2 1362 1390
2 1449 1482
3 1702 1715 1746
4 1780 1791 1823 1927
2 2177 2429
2 2430 2494
3 2708 2761 2830
3 2833 2867 3005
2 3013 4083
4 4101 4282 4391 4448
4 4765 4803 4984 5065
3 5087 5283 5392
3 5484 5525 5541
2 5659 5708
2 5743 5821
4 5927 6140 6218 6349
4 6532 6587 6847 6889
2 7006 7126
3 7269 7277 7294
4 7355 7520 7691 8018
4 8042 8060 8066 8175
3 8208 8281 8288
2 8349 8357
2 8690 8718
3 9033 9133 9163
3 9358 9705 9956
2 345 366
2 592 685
3 732 755 941
3 1007 1281 1293
2 1356 1660
3 1759 1798 2073
4 2182 2615 2648 2737
2 2787 2896
2 2958 2960
2 3034 3238
3 3317 3397 3465
2 3514 3653
3 3764 4129 4382
4 4431 4615 4647 4778
3 4800 4878 5144
2 5402 5438
2 5520 5524
2 5647 5669
3 6115 6172 6298
3 6376 6439 6489
4 6575 6589 6598 6779
2 6816 6884
2 6911 6941
3 7158 7173 7195
4 7214 7746 7836 7935
3 8290 8296 8343
2 8577 8687
3 8743 8798 8830
3 8871 8935 8980
3 8983 9231 9242
2 9492 9674
4 9743 9857 9874 9983
4 50 126 285 340
3 386 399 408
2 624 991
2 1041 1156
4 1629 1675 1945 2071
2 2156 2209
3 2250 2339 2396
3 2626 2788 2849
3 3014 3128 3168
3 3305 3507 3537
4 3569 3594 3597 3776
4 4023 4183 4212 4213
4 4223 4319 4397 4528
4 4569 5102 5232 5337
3 5411 5435 5532
4 5911 5990 6624 6716
3 6785 6943 7028
2 7324 7470
4 7776 7817 7838 7869
4 7955 8260 8261 8327
2 8518 8858
3 8999 9095 9141
3 9203 9216 9404
4 9408 9574 9587 9766
4 9791 9841 80 247
3 282 353 807
3 878 891 945
2 952 1030
2 1053 1150
3 1173 1240 1368
2 1392 1666
3 1682 1722 1786
3 2118 2183 2214
2 2362 2623
3 2784 2901 2940
2 3000 3470
3 3524 3613 3710
3 3881 3981 4033
3 4045 4087 4182
2 4189 4296
2 4332 4346
3 4368 4560 4707
2 4838 4881
4 4991 5011 5039 5076
2 5269 5305
2 5314 5335
4 5452 5830 5841 5880
3 6113 6117 6672
3 6695 6728 7137
2 7146 7284
2 7336 7351
4 7485 7676 7702 7723
3 7879 7998 8145
2 8335 8623
2 8846 8904
2 8922 9185
3 9405 9665 9672
2 9909 42
3 233 557 712
4 851 855 869 963
4 1229 1375 1431 1441
4 1498 2092 2139 2346
2 2416 2421
3 2624 2981 3069
3 3175 3184 3291
2 3538 3599
2 3606 3676
2 3702 3855
2 3910 4085
2 4096 4178
2 4289 4455
3 4542 4629 4682
4 4753 4817 5130 5152
2 5194 5249
4 5300 5455 5497 5638
3 5662 5797 5806
4 6355 6538 6665 6688
2 6691 6791
2 6826 6974
3 7303 7422 7604
4 7644 7718 7750 7910
4 7968 8030 8055 8106
4 8140 8583 8634 8700
2 8724 8809
2 8818 8856
4 8896 8901 8925 8939
3 9052 9079 9088
3 9177 9292 9304
4 9439 9516 9579 9615
4 9777 48 75 176
4 585 699 742 1024
2 1026 1092
2 1264 1291
2 1545 1565
2 1919 1962
3 2195 2292 2312
2 2360 2449
3 2450 2528 2820
2 2979 3250
4 3345 3418 3452 3512
3 3605 3687 3737
2 3952 3964
2 4146 4203
2 4380 4404
4 4510 4643 4729 4809
2 4900 5093
4 5478 5712 5922 5923
3 6030 6089 6413
2 6689 6759
2 6789 6892
2 6977 7402
3 7495 7615 7698
4 7728 8091 8105 8111
2 8266 8294
3 8307 8510 8588
3 8699 8888 8982
4 9118 9184 9262 9520
3 9639 9928 98
3 232 310 324
4 484 564 667 744
2 874 890
2 918 1128
4 1384 1389 1528 1604
2 1670 1692
2 1782 2233
2 2599 2917
2 3061 3365
3 3372 3851 3923
2 3976 4075
2 4140 4171
4 4281 4316 4343 4526
2 4539 4552
3 4945 5022 5115
4 5284 5285 5393 5431
2 5562 5637
2 5795 6372
2 6530 6609
3 6642 6653 6798
3 6928 6955 6992
2 7023 7128
4 7440 7621 7779 7798
2 7865 7997
2 8112 8306
3 8308 8330 8421
4 8433 8590 8611 8741
2 8852 9080
4 9293 9401 9440 9449
2 9503 9840
2 9875 9911
4 9936 5 122 129
2 377 389
2 617 657
3 748 754 824
4 985 1268 1269 1304
2 1834 2354
4 2454 2477 2701 3207
4 3483 3510 3574 3575
2 3630 3786
3 3919 3937 3954
2 3996 4007
3 4105 4186 4563
4 4566 4677 4866 4915
2 5084 5110
4 5184 5195 5352 5450
3 5519 5787 5953
4 6011 6037 6070 6080
4 6173 6318 6455 6573
3 6603 7213 7225
4 7232 7256 7271 7566
4 7775 8076 8146 8471
2 8496 8668
2 8946 8948
3 9430 9435 9482
4 9504 9558 9562 9619
4 9652 9668 9847 14
4 134 265 552 749
4 816 1003 1334 1354
3 1481 1543 1548
3 1607 1644 1773
3 2079 2236 2392
3 2408 2448 2650
3 2813 3063 3241
2 3303 3369
3 3410 3688 3738
2 3874 3938
4 4242 4612 4665 4683
2 5034 5078
4 5126 5261 5264 5561
3 5703 5934 5942
2 6020 6235
2 6525 6564
2 6572 6891
4 6910 6946 7076 7157
3 7301 7755 7996
2 8070 8082
3 8162 8360 8364
4 8459 8565 8755 9391
2 9416 9522
4 9805 261 364 367
2 369 975
4 1222 1414 1451 1537
3 1596 1689 1709
4 1738 1960 2056 2077
2 2133 2180
3 2188 2219 2257
2 2266 2319
2 2574 2774
3 2800 2856 2913
4 3739 3758 3771 3832
4 3833 3861 4056 4117
4 4192 4299 4326 4463
3 5002 5025 5037
3 5124 5145 5223
2 5290 5292
3 5421 5575 5646
2 6122 6268
3 6347 6482 6760
3 6865 7009 7420
2 7508 7885
4 8014 8245 8408 8558
4 8783 8912 8958 9025
3 9142 9285 9463
2 9508 9565
2 9889 19
2 26 43
3 127 327 357
3 438 907 996
3 1038 1349 1352
4 1572 1887 1903 1907
4 1925 2058 2146 2150
4 2355 2383 2748 2779
2 2826 2840
4 2915 2998 3003 3101
2 3122 3237
4 3269 3432 3489 3646
4 3703 3864 3934 4169
4 4315 4321 4424 4437
2 4484 4825
4 4835 4854 4955 5216
3 5315 5501 5648
3 5664 5764 5801
3 5810 5861 5868
2 5992 6027
3 6124 6145 6181
4 6462 6505 6646 6780
3 6819 6900 6966
2 7115 7147
2 7353 7390
4 7473 7780 7905 8194
4 8205 8313 8337 8390
2 8504 8720
2 8738 8902
2 9069 9273
2 9642 9834
2 9899 9913
2 9994 95
2 105 400
3 436 447 476
3 716 772 792
2 892 1301
3 1373 1503 1672
4 1687 1815 1990 2255
3 2283 2361 2460
4 2646 2699 2846 2918
2 3224 3289
3 3298 3398 3448
3 3568 3614 3649
4 4294 4329 4446 4827
3 4931 5075 5142
3 5159 5349 5396
4 5465 5739 5935 195
3 6250 6310 6442
4 6546 6561 6663 6781
3 6838 6886 6931
4 6934 6949 7016 7051
3 7240 7403 7414
3 7487 8013 8020
3 8151 8370 8582
2 9144 9195
4 9343 9432 9512 9687
2 9702 9893
4 21 331 595 1052
2 1124 1143
2 1213 1327
2 1442 1592
4 1602 1605 1957 1966
4 2103 2409 2419 2617
4 2729 2818 2969 3007
3 3043 3045 3181
3 3192 3221 3249
3 3284 3403 3554
4 3562 3735 4010 4154
2 4219 4345
2 4924 5415
3 5582 5608 5715
2 5723 5746
3 5753 5847 5867
3 5996 6029 6056
2 6059 6131
2 6219 6324
3 6338 6348 6440
2 6521 6566
3 6764 6790 6869
3 6907 6929 7080
3 7124 7373 7478
4 7605 7709 7999 8270
2 8450 9115
3 9385 9627 9671
3 9750 9762 1
2 66 141
3 250 295 363
3 455 504 561
3 619 775 808
2 810 838
3 1163 1623 1698
2 1871 1905
2 1933 1974
4 2109 2194 2391 2443
4 2471 2763 2810 3234
3 3320 3532 3865
4 3943 3958 4138 4256
2 4270 4411
3 4548 4570 4608
4 4820 4901 5306 5420
2 5706 5802
4 5997 6045 6083 6191
2 6247 6501
4 6894 7143 7548 7576
3 8095 8124 8127
2 8130 8354
3 8371 8550 8566
3 8781 9349 9364
3 9501 9593 9596
4 9727 9826 9835 9982
2 9989 382
2 434 469
3 496 578 681
3 762 765 1078
4 1531 1655 1968 1981
4 2003 2208 2244 2397
3 2479 2530 2605
3 2631 2724 2792
3 2796 2864 2972
2 3171 3260
3 3315 3565 3622
4 3640 3660 3683 3774
4 3820 3835 3948 4277
2 4429 4888
2 5358 5412
2 5655 5660
3 5765 5768 5781
4 5799 5866 6062 6099
2 6100 6262
3 6423 6487 6548
4 6599 6641 6687 6755
2 6801 6975
2 7207 7462
2 7517 7635
2 7918 8007
4 8107 8283 8399 8669
4 8688 8708 8792 8829
4 8995 9104 9199 9253
2 9392 9403
3 9437 9485 9621
4 9643 9729 9803 187
2 239 254
2 601 612
4 614 704 715 785
2 1328 1633
2 2001 2021
3 2178 2225 2336
4 2468 2666 2704 2744
2 2794 2838
3 2857 3366 3458
3 3598 3634 3638
4 3971 4119 4433 4503
3 4540 4568 4816
3 4993 5053 5054
4 5091 5185 5289 5302
3 5580 6120 6135
2 6169 6249
2 6388 6610
2 6625 6836
3 6837 6979 7049
2 7254 7265
4 7295 7352 7568 7587
2 7591 7593
3 7681 7892 7979
3 8016 8181 8269
2 8526 8551
2 8719 8774
2 8942 8966
4 9054 9130 9174 9377
3 9728 9763 9781
2 9945 119
3 277 505 979
2 1008 1083
3 1088 1103 1294
2 1386 1421
3 1459 1733 1794
2 2067 2084
4 2270 2275 2371 2630
4 2970 2976 3066 3159
3 3172 3666 3729
3 3856 3918 3995
2 4005 4037
3 4127 4353 4492
3 4674 4756 4844
4 5129 5196 5224 5242
2 5692 5842
2 5894 5914
2 5946 5956
3 5974 6044 6286
4 6706 6810 7164 7288
2 7539 7620
3 7891 7913 8078
2 8236 8351
2 8586 8657
2 8878 8899
3 8962 9039 9108
2 9160 9219
3 9352 9424 9563
3 9789 9867 9872
4 581 832 1057 1070
4 1544 1626 2076 2262
2 2521 2678
4 2902 3009 3077 3204
3 3283 3374 3501
3 3552 3560 3668
2 3848 3925
3 4070 4121 4306
3 4370 4436 4531
3 4700 4735 4850
4 4852 5111 5138 5193
2 5339 5670
3 5688 5852 6025
4 6106 6368 6488 6771
4 7046 7370 7380 7737
3 7831 7967 8292
3 8788 9026 9207
4 9244 9677 9926 390
2 606 623
2 966 967
2 1042 1155
4 1263 1366 1860 1956
3 1967 1977 2131
2 2174 2249
3 2316 2327 2513
4 2690 2739 2850 2930
3 3354 3392 3528
2 3731 3867
4 3975 4110 4115 4142
2 4288 4341
4 4515 4530 4698 4782
2 4873 4936
4 4988 5180 5217 5303
2 5369 5432
2 5750 5874
4 6014 6679 6723 7982
4 7038 7263 7287 7341
3 7442 7893 8083
4 8122 8377 8547 8844
4 8848 9005 9018 9066
3 9090 9493 9513
2 9544 9792
4 107 190 237 244
2 262 410
3 503 553 1005
3 1189 1267 1315
2 1402 1489
4 1758 1826 2171 2251
2 2411 2474
4 2925 3033 3408 3478
4 3481 3675 3741 3909
2 3953 4035
3 4113 4274 4408
4 4620 4963 5012 5256
3 5353 5367 5748
4 5967 6072 6345 6379
2 6507 6807
3 6888 7180 7227
2 7300 7498
2 7599 7645
3 7649 7739 7760
3 7787 7794 7866
2 7909 7928
2 8017 8023
2 8099 8274
3 8329 8391 8552
2 8598 8672
3 9153 9180 9211
2 9249 9355
3 9658 9912 235
4 284 294 352 475
4 637 809 1055 1141
4 1219 1225 1338 1490
4 1539 1576 1628 2097
4 2291 2347 2523 2557
2 2860 2967
4 3068 3219 3358 3714
4 4216 4280 4458 4618
2 4795 4919
4 5036 5137 5201 5218
4 5360 5407 5454 5485
3 5521 5675 6019
3 6057 6406 6460
2 6684 6734
2 6982 7062
2 7122 7625
2 7853 7886
4 8195 8422 8436 8522
4 8647 8807 8817 8838
3 8963 9138 9206
3 9444 9462 9842
4 138 140 162 856
2 920 950
4 1018 1109 1151 1218
2 1319 1324
3 1438 1506 1645
2 1741 1931
4 2269 2379 2473 2580
2 2688 2717
2 2829 2888
4 3326 3915 4022 4042
2 4123 4234
4 4317 4658 4834 4920
4 5179 5220 5436 5456
3 5876 5995 6105
3 6660 6683 6765
4 6825 7089 7200 7235
2 7389 7570
2 7657 7679
3 7873 7901 8237
4 8323 8505 8528 8827
3 9017 9257 9331
3 9348 9379 9384
3 9681 9798 9902
2 9951 9975
3 222 242 629
2 736 942
3 993 1054 1663
3 1982 2568 2876
2 3039 3314
4 3500 3612 3768 3837
2 3907 4053
3 4120 4257 4266
4 4409 4500 4697 4781
2 5079 5127
4 5247 5331 5458 5491
3 5499 5661 5668
3 5701 5789 5960
3 6277 6374 6817
3 6829 6950 6996
4 7002 7224 7293 7335
4 7429 7535 7771 8213
2 8497 8521
4 8760 8813 9136 9266
4 9427 9661 9700 9955
4 9970 248 337 519
3 591 632 696
2 761 788
2 943 957
4 1076 1223 1410 1515
2 1803 1805
3 1858 1885 2044
3 2230 2680 2698
3 2720 2790 2801
3 3046 3270 3423
4 3684 3801 4065 4128
4 4243 4761 4764 4930
3 4944 4967 5293
2 5317 5395
4 5464 5554 5636 5642
2 5749 5755
3 6281 6527 6670
3 6707 6806 6918
4 7020 7031 7438 8366
3 8451 8536 8620
3 8906 8936 8979
2 9278 9309
2 9409 9591
2 9616 9786
2 9903 9969
3 9973 216 427
3 1022 1064 1068
3 1217 1243 1285
3 1345 1443 1530
2 1567 1872
4 2042 2204 2248 2306
4 2349 2620 2910 3054
4 3119 3179 3290 3349
2 3588 3624
2 3658 3890
2 4013 4313
2 4519 4645
3 5021 5123 5135
2 5545 5604
2 5726 5760
4 5798 5936 6274 6403
4 6536 6750 6940 7106
4 7112 7350 7571 7801
2 7932 8113
3 8158 8171 8223
2 8246 8254
2 8291 8319
3 8735 8945 9076
3 9237 9318 9339
3 9622 9950 8
3 64 165 196
4 267 492 527 570
2 1091 1303
2 1391 1473
2 1691 1745
4 1995 2018 2181 3048
3 3079 3331 3447
3 3693 3762 3763
4 4012 4080 4133 4195
3 4227 4239 4413
3 4583 4684 4868
4 5160 5267 5311 5388
3 5588 5685 5943
2 6073 6114
4 6661 6718 6840 6858
4 7339 7486 7670 8090
2 8100 8185
4 8227 8302 8368 8389
4 8458 8913 9045 9236
4 9258 9387 9645 9904
3 9960 74 158
4 220 374 510 572
2 670 1578
4 1727 1852 2054 2088
2 2253 2299
2 2332 2476
2 2696 2734
2 2743 2885
4 2919 3026 3111 3400
4 3446 3936 4082 4109
3 4414 4423 4757
4 4895 5027 5309 5528
4 5603 5639 5677 5822
2 6150 6239
3 6272 6378 6427
2 6512 6652
4 6709 6875 6885 7185
4 7421 7476 7843 7894
4 8400 8424 8772 8867
4 9037 9178 9254 9303
4 9589 9641 9735 9883
2 555 567
4 650 700 928 1035
3 1176 1295 1337
4 1346 1435 1454 1608
3 1859 1970 2107
4 2140 2561 2660 2997
3 3667 3722 3988
2 4006 4198
3 4229 4300 4360
4 4547 5015 5057 5105
2 5542 5689
3 5690 5709 6518
3 6543 6767 6860
2 6866 7025
4 7241 7347 7377 7646
4 7854 8156 8230 8475
3 8928 9208 9291
3 9347 9764 91
4 380 587 609 646
2 812 1145
4 1186 1550 1686 1999
2 2075 2100
2 2224 2301
3 2594 2614 2693
4 2703 3255 3328 3471
4 3494 3625 3901 4108
4 4191 4494 4512 4533
4 4610 4728 4740 4763
2 4962 4985
3 5063 5070 5296
4 5537 5543 5624 5674
3 5767 5940 5963
3 6305 6321 6438
4 6458 6496 6593 6815
3 7063 7345 7417
3 7611 7773 7897
3 8443 8660 8730
4 8739 8762 8831 9470
4 9628 9723 9733 904
4 1474 1582 2238 2651
4 2659 3018 3177 3187
3 3218 3251 3360
4 3734 3772 3797 3847
3 3897 3968 4025
4 4028 4309 4642 5003
4 5095 5298 5321 5384
4 5591 5734 5888 5969
4 6049 6183 6783 6986
4 7283 7383 7398 7401
4 7493 7690 7735 7842
2 8174 8469
3 8594 8748 8832
4 8882 9074 9155 9224
4 9804 260 329 391
3 423 777 822
4 1016 1183 1320 1355
4 1447 1557 1585 1631
2 1647 1811
4 1890 2052 2176 2285
2 2348 2863
4 2978 3016 3243 3310
4 3363 3427 3440 3633
3 3780 4158 4416
4 4584 5009 5176 5222
4 5404 5680 5862 6033
2 6151 6224
3 6282 6285 6395
4 7001 7192 7474 7628
2 7637 8077
3 8278 8345 8495
3 8513 8557 8655
4 8883 8893 9082 9393
3 9469 9662 9772
3 9839 88 536
4 566 671 763 815
4 880 1066 1195 1289
2 1599 1829
2 1850 2229
4 2359 2365 2515 2658
3 2665 2756 2897
4 2955 3019 3051 3194
4 3296 3486 3823 3871
4 4122 4417 4712 4721
2 4738 4937
4 5088 5322 5423 5495
2 5568 5691
3 5792 5925 5928
3 5961 5964 6167
2 6535 6644
4 6930 7257 7360 7511
2 7651 7749
2 7887 8062
4 8170 8219 8676 8969
4 9030 9117 9316 9369
2 9934 9943
3 112 114 299
3 544 607 1039
2 1211 1555
3 1764 1832 1862
4 1864 2352 2433 2633
4 2700 2909 2933 3109
4 3158 3414 3434 3453
2 3529 3549
2 3644 3852
2 4271 4365
4 4422 4441 4466 4733
3 4828 5263 5275
3 5347 5364 5473
3 5479 5722 5892
2 5929 6009
2 6622 6634
4 6880 6881 6945 7162
4 7260 7364 7797 7840
4 7858 8503 8532 8595
4 8631 8763 8812 9084
4 9371 9547 9788 9794
4 9811 9905 306 418
2 481 486
4 549 577 764 829
3 1254 1348 1460
4 1465 1911 1989 2505
2 2540 2636
2 2663 3064
2 3157 3341
2 3395 3417
4 3472 3680 4272 4334
2 4377 4421
3 4443 5365 5493
3 5509 5595 5924
3 5968 6069 6108
4 6314 6445 6447 6871
3 7120 7156 7171
2 7174 7484
3 7585 7845 7977
2 7987 8087
2 8221 8265
4 9006 9087 9217 9465
2 9610 9625
2 9696 9800
4 228 272 498 521
3 690 720 798
2 806 870
4 910 964 1097 1107
2 1182 1470
4 1690 1838 1881 2126
2 2211 2492
3 2622 2653 2834
3 2931 2966 3095
4 3102 3164 3211 3350
4 3415 3487 3961 3977
3 4389 4445 4507
4 4625 4660 4741 5328
2 5417 5437
2 5576 5581
4 5717 5790 5837 5985
3 6094 6201 6209
2 6375 6470
3 6556 6633 6933
2 7154 7184
3 7392 7458 7655
3 7802 7958 8209
4 8569 8820 9360 9447
4 9505 9829 9886 9991
3 77 202 298
2 485 571
4 641 799 1102 1113
4 1153 1252 1258 1437
3 1477 1511 1525
3 1619 1706 2029
2 2122 2363
4 2607 2921 3118 3405
3 3450 4218 4287
2 4513 4614
3 4780 5215 5516
2 6024 6330
4 6830 7159 7327 7465
3 7528 8373 8549
4 8581 8600 8661 8744
2 9021 9099
2 9410 9448
4 9774 542 997 1216
3 1273 1358 1588
3 1813 1924 1929
2 1941 2426
2 2569 2681
3 2842 2847 2908
4 2916 3025 3084 3090
4 3165 3193 3202 3346
2 3637 4027
2 4676 4794
2 5080 5297
3 5786 6153 6453
3 6591 6745 6787
3 6808 6854 6876
3 7055 7072 7513
4 7949 8052 8154 8173
4 8944 9324 9693 9884
3 191 309 314
3 448 939 1158
4 1395 2370 2518 2552
3 2959 3073 3138
4 3333 3497 3522 3898
4 4384 4938 5282 5376
3 5439 5884 5887
4 6082 6341 6358 6615
2 6968 7311
4 7719 7973 8131 8211
2 8312 8749
2 8805 8826
2 8891 9000
4 9081 9139 9226 9330
2 9484 9495
4 9646 9669 9673 9694
4 466 1095 1139 1207
2 1317 1857
4 1944 2013 2082 2142
3 2562 2882 3254
4 3279 3477 3488 3670
4 4258 4486 4575 4971
4 5030 5068 5272 5351
4 5428 5589 5757 5965
2 5978 6081
2 6179 6278
3 6344 6382 6763
4 6912 6947 6967 6969
2 7109 7111
2 7125 7246
4 7299 7394 7531 8303
3 8681 8703 8717
4 8890 8998 9438 9601
4 9814 9865 106 215
3 315 326 515
2 517 805
4 1075 1079 1278 1499
2 2049 2511
2 2526 2757
2 2948 3080
2 3150 3335
2 3409 3426
3 3479 4393 4609
4 5252 5569 5601 5698
3 5788 6186 6754
3 7131 7372 7405
4 8008 8257 8499 8662
4 8927 9027 9046 9120
4 9188 9964 2 271
4 411 449 531 600
3 776 940 974
3 1060 1306 1407
4 1693 1947 2175 2372
4 2517 2745 3086 3600
3 3700 3790 4014
4 4020 4160 4205 4710
4 4715 4885 5072 8853
3 6101 6154 6162
3 6166 6468 6542
3 6579 6708 6737
3 6948 6999 7040
4 7066 7081 7272 7492
4 7638 7808 7871 8356
3 8365 8396 8533
3 9023 9212 9255
4 9685 9815 9832 9854
4 169 308 627 961
3 988 1168 2218
3 2314 2325 2452
3 2587 2725 2782
4 2831 2993 3070 3091
4 3240 3663 3863 3928
3 4040 4077 4148
4 4153 4177 4648 4718
4 4797 4829 4896 5018
4 5169 5241 5286 5877
3 5889 6216 6269
3 6392 6416 6619
3 6621 6845 7007
4 7268 7527 7857 8053
4 9098 9881 12 130
3 175 450 759
3 768 1000 1077
3 1846 1902 1973
3 2108 2168 2510
3 2611 2635 2866
3 2936 3117 3195
4 3419 3707 4373 4846
3 5055 5147 5596
3 5614 5678 6401
3 6749 6773 6919
3 7052 7211 7245
4 7258 7332 7654 7781
4 7827 7916 8039 8073
4 8615 8646 9190 9233
3 9506 9837 9990
3 41 181 338
3 523 638 653
3 672 1297 1518
4 1547 1579 1802 2147
3 3030 3325 3577
3 3669 3785 4018
3 4616 4672 4737
3 5117 5607 6136
3 6230 6288 6354
4 7047 7623 7988 6504
4 8065 8248 8331 8596
4 8605 8836 9032 9478
4 255 323 786 895
3 1413 1541 1594
4 1635 2066 2543 2695
4 2740 2773 2821 3222
3 3373 3444 3502
3 4327 4701 4802
4 4819 5038 5150 5274
4 5469 5740 5816 5851
4 6402 6832 6905 6924
3 7058 7306 7334
3 7343 7433 7656
3 7732 7766 7772
3 7855 7900 8381
4 8419 8446 8463 8742
4 8881 8933 9175 9473
4 9623 9648 9706 837
4 871 881 965 1059
4 1333 1412 1466 1580
4 1597 1658 1942 2116
4 2161 2200 2420 2436
3 2692 2890 3173
4 3210 3217 3242 3391
4 3495 3585 3813 4002
4 4247 4768 5807 5973
3 6006 6018 6055
3 6339 6562 6743
3 6751 6921 7660
4 7989 8128 8155 8559
4 8560 8819 9193 9240
4 9259 9312 9479 9682
4 38 51 72 686
3 695 1020 1082
3 1575 2415 2424
4 2502 2504 2551 3110
4 3321 3467 3695 4184
4 4444 4739 5032 5419
4 5782 6143 6435 6441
4 6650 6730 6804 6868
4 7381 7745 7919 8147
3 8214 8429 8610
3 8628 8794 8855
4 9010 9145 9821 269
3 1478 1521 1808
4 1882 2522 2537 2597
3 2797 3027 3348
4 3492 3503 3916 4059
4 4269 4956 5133 5188
3 5238 5273 5742
3 5921 6065 6142
4 6474 6753 6797 7015
4 7061 7239 7279 7431
4 7626 7872 8228 8251
4 8415 8540 8624 8713
4 9020 9041 9051 9298
4 9345 9375 9434 9634
3 9890 161 677
3 697 1198 1559
4 1581 2157 2839 2906
3 3041 3049 3057
3 3133 3220 3338
3 4050 4157 4464
3 4602 4666 4813
3 5120 5225 5299
4 5463 5811 5890 5915
4 6088 6284 6400 6788
4 6939 7270 8104 8474
3 8768 8951 8972
4 9050 9322 9536 9851
4 9981 394 598 626
3 660 734 826
4 1187 1405 1462 1558
3 1583 1854 2051
4 2128 2691 3256 3343
3 3671 3759 3804
4 4354 4457 4594 4641
3 4806 5141 5512
4 6000 6007 6054 6109
4 6212 6337 6343 6390
4 6618 6714 7179 7321
4 7342 7564 7668 7716
4 8359 8599 8604 8685
4 9060 9107 9386 9474
4 9500 814 938 1162
4 1444 1920 2380 2423
4 2439 2823 2889 2963
4 3399 3586 3623 4505
4 4545 4754 4928 4954
4 5099 5333 5448 5453
4 6319 6493 6570 6606
4 6690 6704 6821 7099
4 7266 7467 8455 8747
4 8984 8988 9245 9248
4 9284 9592 9664 9812
4 9869 273 493 546
4 888 1002 1238 1298
4 1424 1540 1613 2104
4 2121 2603 2895 3074
4 3191 3796 4263 4379
4 4667 5444 5535 5766
4 5814 5819 6074 6079
4 7167 7217 7481 7652
4 7661 7717 7829 7844
4 7848 8203 8232 8275
4 8439 8545 8695 8761
4 8957 8992 9057 9097
4 9176 9281 9370 9399
4 9586 9608 9715 322
4 537 823 1065 1265
4 1399 1436 1551 1766
4 1954 2186 2202 2377
4 2770 2886 2988 3259
4 3329 3455 3602 3616
4 3662 4165 4231 4388
4 4517 4622 4752 4762
4 4769 5113 5162 5498
4 5700 6039 6508 6511
4 6554 6694 6776 8012
