1628
3 92 350 420
2 494 701
3 722 770 783
2 817 1244
3 1262 1300 1363
4 1367 1387 1432 1566
3 1577 1736 1790
2 1842 2014
2 2048 2063
3 2217 2247 2258
3 2273 2404 2593
2 2609 2684
4 2971 2975 2989 3130
3 3206 3277 3285
3 3288 3378 3460
3 3551 3720 3800
2 3850 3959
3 3962 4264 4265
4 4347 4459 4543 4603
3 4722 4748 4934
3 5000 5004 5112
4 5139 5270 5291 5385
3 5630 5762 6271
2 6276 6399
4 6552 6712 6775 6795
2 6874 6906
4 6987 7039 7144 7169
4 7189 7291 7446 7469
3 7552 7641 7708
2 7774 7810
4 7908 8005 8069 8169
3 8218 8225 8350
4 8362 8404 8457 8490
4 8492 8538 8575 8619
2 8680 8691
4 8795 8916 8971 9061
2 9093 9420
3 9441 9467 9494
2 9517 9581
2 9738 9780
2 9824 9918
3 35 102 205
4 246 375 551 663
4 857 882 929 944
4 1011 1072 1257 1280
2 1309 1370
3 1573 1651 1739
4 1771 1879 1910 2151
4 2223 2287 2290 2341
2 2465 2618
2 2655 2677
2 2719 2943
4 2986 3185 3230 3252
2 3282 3294
3 3336 3390 3436
4 3652 3836 3858 4017
4 4072 4207 4275 4276
4 4432 4462 4497 4687
2 4853 4889
3 4903 4921 5016
3 5116 5119 5165
2 5243 5258
2 5312 5381
2 5414 5475
2 5626 5759
2 5933 6084
2 6116 6138
3 6221 6267 6327
4 6383 6408 6433 6469
3 6594 6736 6867
4 6898 6936 7054 7082
2 7114 7226
4 7312 7680 7790 8046
2 8074 8092
2 8102 8120
3 8207 8249 8403
2 8787 8800
4 8910 8989 8993 9067
2 9300 9417
2 9428 9454
4 9460 9481 9567 9725
2 9850 9953
2 15 73
3 155 320 539
3 588 655 914
2 932 1014
2 1251 1342
3 1360 1380 1398
4 1420 1500 1603 1719
2 2005 2111
4 2317 2369 2413 2588
4 2641 2643 2764 2853
3 2904 2991 3380
2 3406 3441
2 3461 3545
4 3550 3576 3766 3778
3 3831 3955 4241
3 4493 4601 5062
3 5186 5319 5477
3 5587 5590 5620
4 5629 6139 6159 6325
4 6418 6431 6475 6696
4 6722 6980 7021 7034
4 7133 7338 7448 7452
4 7589 7650 7941 8050
3 8096 8191 8192
2 8280 8514
2 8520 8825
3 8840 8914 9116
3 9125 9169 9287
3 9308 9353 9381
3 9388 9607 9923
2 9998 99
4 429 440 563 743
2 1112 1245
4 1247 1463 1468 1493
4 1641 1792 1795 1828
4 2017 2455 2507 2519
3 2581 2638 2945
2 3081 3197
4 3377 3384 3387 3533
4 3535 3571 3603 3682
3 3742 3931 4008
3 4084 4114 4536
2 4541 4576
4 4589 4593 4743 4968
4 4998 5202 5221 5228
4 5440 5552 5618 5634
4 5857 5999 6043 6103
2 6236 6360
2 6503 6710
3 6878 6991 7035
3 7113 7182 7323
2 7348 7450
2 7597 7705
2 7811 7933
2 8029 8054
3 8121 8512 8666
4 8765 8959 9127 9228
3 9290 9704 9740
3 9898 9939 52
4 116 135 266 368
3 470 524 528
3 569 680 713
3 927 1025 1104
2 1108 1123
4 1236 1274 1343 1457
3 1662 1748 1752
2 1757 1776
4 1893 1938 1940 1950
2 2132 2286
3 2640 2721 2778
3 2832 2871 3198
2 3435 3525
4 3572 3732 3751 3755
3 3876 4111 4130
4 4145 4310 4418 4580
4 4680 4686 4749 4759
3 4812 5069 5394
3 5403 5597 5684
4 5818 5878 5937 5971
2 6048 6086
4 6182 6190 6217 6251
4 6295 6303 6369 6461
3 6658 6855 7029
2 7203 7379
4 7396 7575 7738 8217
3 8226 8271 8300
4 8416 8445 8481 8574
3 8587 8649 8678
4 8974 9113 9132 9317
4 9334 9395 9445 9477
3 9537 9708 9782
4 9796 9817 9947 9967
4 9992 167 223 724
3 989 1033 1185
4 1241 1310 1408 1448
4 1617 1676 1772 1901
3 2760 2767 2845
4 3094 3100 3116 3152
2 3215 3245
4 3287 3393 3459 3642
3 3815 3829 3868
2 3908 3970
4 4039 4086 4159 4180
4 4349 4755 4760 4864
2 4999 5092
2 5447 5486
4 5555 5560 5826 6066
3 6200 6523 6597
4 6909 6916 7107 7160
3 7358 7376 7378
3 7455 7477 7503
4 8024 8041 8157 8188
2 8255 8428
3 8764 8953 9012
4 9040 9112 9147 9351
2 9412 9455
3 9480 9640 9666
4 9808 9878 9916 9949
4 9979 9980 259 344
4 495 506 625 779
4 1017 1169 1379 1428
4 1434 1455 1769 1844
3 2145 2366 2637
4 2735 2753 3032 3056
4 3148 3319 3430 3490
2 3699 3826
3 3957 3960 4015
4 4024 4051 4081 4152
2 4181 4199
2 4253 4342
4 4350 4396 4606 4872
3 4897 4941 5033
4 5050 5405 5650 5893
2 5984 6004
2 6241 6820
4 6872 6970 7053 7244
3 7317 7328 7456
4 8048 8279 8467 8483
2 8693 8782
3 8887 8892 8905
3 9053 9396 9509
3 9783 9940 36
3 125 971 981
3 1019 1089 1144
4 1314 1325 1456 1458
4 1730 1785 1855 2069
4 2302 2445 2491 2644
4 2679 2780 2844 2865
4 2869 2923 3093 3151
2 3388 3404
3 3556 3589 3627
2 3701 3711
3 3921 3979 4125
4 4166 4304 4364 4454
2 4471 4590
3 4654 4799 4905
2 5109 5230
3 5354 5374 5390
3 5565 5571 5654
4 5673 5735 5976 6061
2 6067 6194
4 6386 6422 6588 6758
4 6793 6802 7304 7722
2 7754 7784
4 7816 7837 8243 8301
2 8515 8622
4 8706 8843 8949 9109
4 9191 9279 9310 9422
4 9442 9452 9510 9541
4 9731 9758 9809 9997
2 276 339
4 518 702 718 747
3 841 897 994
4 1048 1067 1255 1365
3 1721 1913 1926
4 2037 2040 2078 2090
4 2130 2276 2458 2667
3 2670 2714 2815
2 2851 2938
2 2965 2973
2 2984 3160
3 3190 3200 3236
4 3359 3462 3709 3713
2 3779 4068
4 4201 4303 4338 4348
3 4499 4597 4673
2 4745 4869
2 4927 5143
2 5344 5348
3 5695 5704 5871
4 5930 6013 6071 6091
4 6092 6204 6207 6322
3 6608 6667 6732
4 6877 7027 7070 7084
2 7242 7411
4 7538 7609 7630 7701
2 7762 7765
4 8184 8315 8385 8427
4 8627 8705 8769 8943
4 8973 9049 9058 9064
2 9288 9402
3 9472 9518 9827
4 9831 9897 9925 109
4 330 387 397 426
2 454 479
3 497 665 707
2 721 843
3 1028 1126 1215
2 1239 1394
4 1425 1520 1674 1896
2 2004 2015
2 2031 2032
3 2053 2158 2187
4 2197 2338 2446 2524
3 2613 2654 2675
3 2777 2791 2822
3 2914 3036 3071
4 3103 3162 3456 3520
4 3659 3723 3872 3946
4 3974 3999 4003 4250
3 4395 4420 4460
4 4586 4862 5103 5288
4 5434 5605 5679 5737
2 5738 5780
3 5843 5846 5855
3 5858 6164 6515
3 6729 6768 6954
3 7073 7193 7325
4 7619 7720 7763 7930
3 7976 8025 8033
2 8285 8402
4 8544 8664 8723 8937
2 9170 9476
2 9707 9753
3 286 488 535
3 543 861 913
4 1069 1232 1312 1486
2 1637 1680
2 1900 2099
4 2350 2387 2542 2606
2 2855 2868
3 2893 2894 2992
2 3067 3143
2 3180 3232
2 3264 3342
2 3733 3740
3 3770 4067 4302
4 4378 4624 4730 4744
3 4831 4849 5071
2 5114 5204
2 5248 5307
3 5334 5372 5500
2 5507 5572
3 5761 5805 6041
3 6555 6863 6879
2 6895 6908
4 7285 7428 7505 7562
4 7572 7582 7687 7867
2 8125 8234
3 8295 8352 8378
4 8484 8580 8790 8921
4 9389 9461 9531 9598
4 9653 317 442 548
3 661 679 694
2 969 1121
3 1242 1630 1816
2 1906 1921
2 2027 2135
3 2321 2322 2440
3 2478 2497 3010
3 3139 3182 3433
2 3604 3725
4 3986 4021 4029 4383
2 4401 4585
2 4815 4908
4 4909 5301 5318 5408
2 5502 5567
3 6001 6032 6165
4 6211 6238 6397 6449
2 6786 6978
2 7044 7161
3 7199 7282 7435
4 7437 7806 7874 7974
4 8088 8216 8482 8489
2 8589 8621
3 8630 8674 8802
4 8884 8976 9056 9202
4 9306 9335 9497 9683
4 9688 9756 9790 9924
3 79 90 104
4 166 560 647 758
2 852 933
2 1051 1098
3 1125 1417 1446
3 1560 1643 1797
4 1991 2034 2119 2263
3 2374 2394 2414
4 2482 2534 2547 2625
4 2755 2768 2816 2880
3 3065 3231 3304
3 3351 3421 3726
2 3920 3998
4 4162 4168 4295 4366
2 4472 4476
3 4485 4587 4652
4 4805 4836 4970 5031
3 5089 5320 5445
3 5468 5506 5645
2 5667 5987
4 6362 6465 6502 6626
3 6717 6813 6896
4 7280 7366 7449 7497
2 7601 7714
4 7769 7940 8071 8262
2 8324 8339
3 8394 8414 8444
2 8710 8847
3 8869 8917 8926
3 9077 9466 9630
3 9697 84 474
3 547 599 830
3 879 946 951
3 980 1397 1472
4 1710 1760 1863 1875
3 1914 1916 2093
4 2261 2284 2315 2403
3 2496 2710 2738
3 2742 2926 2995
4 3098 3166 3183 3548
3 3601 3609 3631
4 3661 3706 3767 3886
2 3900 3967
4 3989 4049 4073 4118
4 4261 4385 4626 4719
2 4751 4776
4 4974 5226 5326 5459
4 5623 5932 5955 5975
4 6214 6287 6292 6883
4 6997 7191 7234 7468
4 7519 7537 7563 7685
2 7846 7860
2 7947 8126
3 8178 8358 8369
4 8386 8885 9034 9071
3 9103 9657 9760
4 9801 29 100 113
4 231 351 445 490
4 501 580 584 692
3 710 751 790
4 1204 1246 1272 1657
2 1894 1997
2 2041 2113
3 2114 2189 2256
2 2438 2576
2 2616 3040
3 3113 3140 3163
3 3429 3468 3592
3 3650 3982 4210
2 4225 4268
2 4324 4336
4 4481 4779 4784 4947
2 5433 5564
2 5687 5711
4 5716 5775 5784 5827
3 6299 6317 6335
3 6346 6424 6437
2 6464 6486
2 6568 6861
4 6926 6951 6995 7188
3 7354 7598 7707
3 7747 7912 8051
3 8057 8182 8317
4 8448 8460 8488 8531
2 8656 8704
4 8799 8841 8909 8920
3 9001 9167 9268
3 9277 9373 9676
3 9739 9915 9937
4 9938 46 212 243
3 460 664 787
4 905 1034 1175 1419
3 1600 1659 1697
4 1779 1784 2434 2441
4 2487 2493 2501 2539
2 2559 2639
4 2682 3805 3814 4061
4 4071 4190 4204 4278
4 4362 4772 4785 4824
4 5154 5425 5490 5656
4 5707 5988 6047 6333
4 6385 6394 6601 6657
3 6893 7004 7012
2 7056 7141
4 7181 7205 7297 7331
4 7472 7482 7506 7560
4 7612 7767 7904 7926
2 7952 8072
2 8149 8341
3 8476 8480 9110
3 9315 9378 9515
2 9654 9757
2 9845 9919
2 334 354
2 416 705
2 731 813
4 853 873 925 1193
4 1362 1390 1449 1482
2 1702 1715
3 1746 1780 1791
2 1823 1927
4 2177 2429 2430 2494
4 2708 2761 2830 2833
4 2867 3005 3013 4083
2 4101 4282
2 4391 4448
2 4765 4803
2 4984 5065
3 5087 5283 5392
2 5484 5525
3 5541 5659 5708
4 5743 5821 5927 6140
3 6218 6349 6532
4 6587 6847 6889 7006
2 7126 7269
3 7277 7294 7355
2 7520 7691
3 8018 8042 8060
2 8066 8175
2 8208 8281
3 8288 8349 8357
2 8690 8718
3 9033 9133 9163
2 9358 9705
4 9956 345 366 592
3 685 732 755
4 941 1007 1281 1293
2 1356 1660
3 1759 1798 2073
4 2182 2615 2648 2737
2 2787 2896
3 2958 2960 3034
2 3238 3317
3 3397 3465 3514
4 3653 3764 4129 4382
4 4431 4615 4647 4778
2 4800 4878
2 5144 5402
2 5438 5520
4 5524 5647 5669 6115
3 6172 6298 6376
3 6439 6489 6575
3 6589 6598 6779
4 6816 6884 6911 6941
4 7158 7173 7195 7214
2 7746 7836
2 7935 8290
4 8296 8343 8577 8687
2 8743 8798
3 8830 8871 8935
4 8980 8983 9231 9242
3 9492 9674 9743
2 9857 9874
4 9983 50 126 285
3 340 386 399
3 408 624 991
3 1041 1156 1629
4 1675 1945 2071 2156
4 2209 2250 2339 2396
2 2626 2788
2 2849 3014
4 3128 3168 3305 3507
2 3537 3569
2 3594 3597
4 3776 4023 4183 4212
3 4213 4223 4319
3 4397 4528 4569
2 5102 5232
4 5337 5411 5435 5532
4 5911 5990 6624 6716
3 6785 6943 7028
4 7324 7470 7776 7817
3 7838 7869 7955
4 8260 8261 8327 8518
4 8858 8999 9095 9141
3 9203 9216 9404
2 9408 9574
2 9587 9766
3 9791 9841 80
2 247 282
4 353 807 878 891
2 945 952
3 1030 1053 1150
3 1173 1240 1368
3 1392 1666 1682
2 1722 1786
4 2118 2183 2214 2362
3 2623 2784 2901
4 2940 3000 3470 3524
4 3613 3710 3881 3981
2 4033 4045
3 4087 4182 4189
4 4296 4332 4346 4368
2 4560 4707
3 4838 4881 4991
4 5011 5039 5076 5269
2 5305 5314
4 5335 5452 5830 5841
2 5880 6113
2 6117 6672
3 6695 6728 7137
3 7146 7284 7336
2 7351 7485
3 7676 7702 7723
3 7879 7998 8145
4 8335 8623 8846 8904
4 8922 9185 9405 9665
4 9672 9909 42 233
3 557 712 851
4 855 869 963 1229
2 1375 1431
2 1441 1498
2 2092 2139
3 2346 2416 2421
3 2624 2981 3069
3 3175 3184 3291
4 3538 3599 3606 3676
2 3702 3855
2 3910 4085
2 4096 4178
2 4289 4455
3 4542 4629 4682
3 4753 4817 5130
4 5152 5194 5249 5300
4 5455 5497 5638 5662
4 5797 5806 6355 6538
4 6665 6688 6691 6791
3 6826 6974 7303
3 7422 7604 7644
3 7718 7750 7910
3 7968 8030 8055
2 8106 8140
2 8583 8634
3 8700 8724 8809
3 8818 8856 8896
3 8901 8925 8939
3 9052 9079 9088
4 9177 9292 9304 9439
3 9516 9579 9615
3 9777 48 75
4 176 585 699 742
3 1024 1026 1092
2 1264 1291
4 1545 1565 1919 1962
2 2195 2292
4 2312 2360 2449 2450
2 2528 2820
3 2979 3250 3345
2 3418 3452
2 3512 3605
3 3687 3737 3952
3 3964 4146 4203
4 4380 4404 4510 4643
3 4729 4809 4900
4 5093 5478 5712 5922
3 5923 6030 6089
4 6413 6689 6759 6789
4 6892 6977 7402 7495
2 7615 7698
3 7728 8091 8105
4 8111 8266 8294 8307
4 8510 8588 8699 8888
4 8982 9118 9184 9262
4 9520 9639 9928 98
3 232 310 324
3 484 564 667
3 744 874 890
3 918 1128 1384
2 1389 1528
3 1604 1670 1692
3 1782 2233 2599
3 2917 3061 3365
4 3372 3851 3923 3976
2 4075 4140
2 4171 4281
4 4316 4343 4526 4539
3 4552 4945 5022
4 5115 5284 5285 5393
3 5431 5562 5637
3 5795 6372 6530
2 6609 6642
3 6653 6798 6928
2 6955 6992
2 7023 7128
4 7440 7621 7779 7798
4 7865 7997 8112 8306
3 8308 8330 8421
2 8433 8590
2 8611 8741
2 8852 9080
3 9293 9401 9440
2 9449 9503
3 9840 9875 9911
2 9936 5
3 122 129 377
3 389 617 657
3 748 754 824
2 985 1268
3 1269 1304 1834
2 2354 2454
2 2477 2701
4 3207 3483 3510 3574
2 3575 3630
2 3786 3919
4 3937 3954 3996 4007
3 4105 4186 4563
2 4566 4677
2 4866 4915
3 5084 5110 5184
4 5195 5352 5450 5519
3 5787 5953 6011
2 6037 6070
3 6080 6173 6318
2 6455 6573
4 6603 7213 7225 7232
2 7256 7271
3 7566 7775 8076
3 8146 8471 8496
3 8668 8946 8948
2 9430 9435
3 9482 9504 9558
4 9562 9619 9652 9668
2 9847 14
2 134 265
2 552 749
3 816 1003 1334
2 1354 1481
4 1543 1548 1607 1644
2 1773 2079
4 2236 2392 2408 2448
3 2650 2813 3063
2 3241 3303
4 3369 3410 3688 3738
4 3874 3938 4242 4612
3 4665 4683 5034
3 5078 5126 5261
2 5264 5561
3 5703 5934 5942
3 6020 6235 6525
4 6564 6572 6891 6910
4 6946 7076 7157 7301
2 7755 7996
4 8070 8082 8162 8360
3 8364 8459 8565
3 8755 9391 9416
2 9522 9805
4 261 364 367 369
2 975 1222
2 1414 1451
2 1537 1596
3 1689 1709 1738
3 1960 2056 2077
2 2133 2180
4 2188 2219 2257 2266
4 2319 2574 2774 2800
4 2856 2913 3739 3758
3 3771 3832 3833
3 3861 4056 4117
4 4192 4299 4326 4463
2 5002 5025
2 5037 5124
2 5145 5223
4 5290 5292 5421 5575
3 5646 6122 6268
3 6347 6482 6760
4 6865 7009 7420 7508
3 7885 8014 8245
4 8408 8558 8783 8912
2 8958 9025
4 9142 9285 9463 9508
2 9565 9889
2 19 26
4 43 127 327 357
3 438 907 996
3 1038 1349 1352
2 1572 1887
2 1903 1907
4 1925 2058 2146 2150
3 2355 2383 2748
2 2779 2826
4 2840 2915 2998 3003
4 3101 3122 3237 3269
4 3432 3489 3646 3703
3 3864 3934 4169
4 4315 4321 4424 4437
3 4484 4825 4835
4 4854 4955 5216 5315
2 5501 5648
2 5664 5764
2 5801 5810
2 5861 5868
3 5992 6027 6124
4 6145 6181 6462 6505
3 6646 6780 6819
3 6900 6966 7115
3 7147 7353 7390
3 7473 7780 7905
3 8194 8205 8313
4 8337 8390 8504 8720
4 8738 8902 9069 9273
4 9642 9834 9899 9913
3 9994 95 105
4 400 436 447 476
3 716 772 792
2 892 1301
4 1373 1503 1672 1687
3 1815 1990 2255
4 2283 2361 2460 2646
2 2699 2846
3 2918 3224 3289
4 3298 3398 3448 3568
4 3614 3649 4294 4329
4 4446 4827 4931 5075
3 5142 5159 5349
3 5396 5465 5546
3 5739 5935 6250
4 6310 6442 6546 6561
3 6663 6781 6838
4 6886 6931 6934 6949
3 7016 7051 7240
2 7403 7414
2 7487 8013
2 8020 8151
3 8370 8582 9144
3 9195 9343 9432
4 9512 9687 9702 9893
4 21 331 595 1052
4 1124 1143 1213 1327
2 1442 1592
3 1602 1605 1957
2 1966 2103
4 2409 2419 2617 2729
3 2818 2969 3007
2 3043 3045
3 3181 3192 3221
3 3249 3284 3403
2 3554 3562
2 3735 4010
4 4154 4219 4345 4924
4 5415 5582 5608 5715
3 5723 5746 5753
4 5847 5867 5996 6029
4 6056 6059 6131 6219
2 6324 6338
4 6348 6440 6521 6566
2 6764 6790
4 6869 6907 6929 7080
3 7124 7373 7478
3 7605 7709 7999
3 8270 8450 9115
2 9385 9627
4 9671 9750 9762 1
2 66 141
4 250 295 363 455
2 504 561
3 619 775 808
3 810 838 1163
4 1623 1698 1871 1905
2 1933 1974
2 2109 2194
3 2391 2443 2471
2 2763 2810
3 3234 3320 3532
2 3865 3943
2 3958 4138
4 4256 4270 4411 4548
4 4570 4608 4820 4901
4 5306 5420 5706 5802
2 5997 6045
2 6083 6191
3 6247 6501 6894
4 7143 7548 7576 8095
3 8124 8127 8130
4 8354 8371 8550 8566
2 8781 9349
2 9364 9501
4 9593 9596 9727 9826
3 9835 9982 9989
3 382 434 469
2 496 578
3 681 762 765
2 1078 1531
2 1655 1968
2 1981 2003
2 2208 2244
4 2397 2479 2530 2605
3 2631 2724 2792
4 2796 2864 2972 3171
3 3260 3315 3565
3 3622 3640 3660
4 3683 3774 3820 3835
3 3948 4277 4429
2 4888 5358
4 5412 5655 5660 5765
2 5768 5781
4 5799 5866 6062 6099
2 6100 6262
2 6423 6487
3 6548 6599 6641
4 6687 6755 6801 6975
2 7207 7462
3 7517 7635 7918
4 8007 8107 8283 8399
2 8669 8688
2 8708 8792
3 8829 8995 9104
3 9199 9253 9392
4 9403 9437 9485 9621
4 9643 9729 9803 187
4 239 254 601 612
2 614 704
4 715 785 1328 1633
4 2001 2021 2178 2225
3 2336 2468 2666
4 2704 2744 2794 2838
4 2857 3366 3458 3598
4 3634 3638 3971 4119
2 4433 4503
4 4540 4568 4816 4993
4 5053 5054 5091 5185
3 5289 5302 5580
4 6120 6135 6169 6249
2 6388 6610
2 6625 6836
3 6837 6979 7049
3 7254 7265 7295
4 7352 7568 7587 7591
2 7593 7681
2 7892 7979
4 8016 8181 8269 8526
3 8551 8719 8774
2 8942 8966
2 9054 9130
4 9174 9377 9728 9763
4 9781 9945 119 277
4 505 979 1008 1083
2 1088 1103
2 1294 1386
3 1421 1459 1733
2 1794 2067
2 2084 2270
2 2275 2371
3 2630 2970 2976
3 3066 3159 3172
2 3666 3729
3 3856 3918 3995
4 4005 4037 4127 4353
2 4492 4674
2 4756 4844
4 5129 5196 5224 5242
2 5692 5842
4 5894 5914 5946 5956
3 5974 6044 6286
4 6706 6810 7164 7288
3 7539 7620 7891
3 7913 8078 8236
2 8351 8586
4 8657 8878 8899 8962
4 9039 9108 9160 9219
4 9352 9424 9563 9789
4 9867 9872 581 832
2 1057 1070
3 1544 1626 2076
4 2262 2521 2678 2902
3 3009 3077 3204
4 3283 3374 3501 3552
2 3560 3668
2 3848 3925
4 4070 4121 4306 4370
4 4436 4531 4700 4735
4 4850 4852 5111 5138
2 5193 5339
4 5670 5688 5852 6025
3 6106 6368 6488
2 6771 7046
2 7370 7380
4 7737 7831 7967 8292
2 8788 9026
2 9207 9244
3 9677 9926 390
4 606 623 966 967
3 1042 1155 1263
3 1366 1860 1956
3 1967 1977 2131
4 2174 2249 2316 2327
3 2513 2690 2739
4 2850 2930 3354 3392
3 3528 3731 3867
3 3975 4110 4115
2 4142 4288
4 4341 4515 4530 4698
3 4782 4873 4936
2 4988 5180
3 5217 5303 5369
2 5432 5750
4 5874 6014 6504 6679
2 6723 7038
4 7263 7287 7341 7442
4 7893 8083 8122 8377
3 8547 8844 8848
3 9005 9018 9066
2 9090 9493
2 9513 9544
3 9792 107 190
2 237 244
4 262 410 503 553
2 1005 1189
2 1267 1315
4 1402 1489 1758 1826
4 2171 2251 2411 2474
4 2925 3033 3408 3478
4 3481 3675 3741 3909
4 3953 4035 4113 4274
3 4408 4620 4963
3 5012 5256 5353
3 5367 5748 5967
3 6072 6345 6379
3 6507 6807 6888
3 7180 7227 7300
4 7498 7599 7645 7649
4 7739 7760 7787 7794
2 7866 7909
4 7928 8017 8023 8099
3 8274 8329 8391
4 8552 8598 8672 9153
3 9180 9211 9249
2 9355 9658
2 9912 235
2 284 294
4 352 475 637 809
3 1055 1141 1219
2 1225 1338
2 1490 1539
4 1576 1628 2097 2291
4 2347 2523 2557 2860
4 2967 3068 3219 3358
3 3714 4216 4280
2 4458 4618
2 4795 4919
2 5036 5137
4 5201 5218 5360 5407
2 5454 5485
4 5521 5675 6019 6057
2 6406 6460
4 6684 6734 6982 7062
4 7122 7625 7853 7886
2 8195 8422
4 8436 8522 8647 8807
3 8817 8838 8963
2 9138 9206
2 9444 9462
3 9842 138 140
4 162 856 920 950
4 1018 1109 1151 1218
3 1319 1324 1438
4 1506 1645 1741 1931
3 2269 2379 2473
3 2580 2688 2717
4 2829 2888 3326 3915
3 4022 4042 4123
4 4234 4317 4658 4834
3 4920 5179 5220
4 5436 5456 5876 5995
2 6105 6660
4 6683 6765 6825 7089
4 7200 7235 7389 7570
2 7657 7679
3 7873 7901 8237
3 8323 8505 8528
3 8827 9017 9257
2 9331 9348
4 9379 9384 9681 9798
2 9902 9951
4 9975 222 242 629
3 736 942 993
3 1054 1663 1982
2 2568 2876
2 3039 3314
3 3500 3612 3768
4 3837 3907 4053 4120
3 4257 4266 4409
2 4500 4697
4 4781 5079 5127 5247
2 5331 5458
2 5491 5499
2 5661 5668
4 5701 5789 5960 6277
3 6374 6817 6829
4 6950 6996 7002 7224
3 7293 7335 7429
4 7535 7771 8213 8497
3 8521 8760 8813
2 9136 9266
4 9427 9661 9700 9955
3 9970 248 337
3 519 591 632
2 696 761
3 788 943 957
3 1076 1223 1410
3 1515 1803 1805
3 1858 1885 2044
3 2230 2680 2698
4 2720 2790 2801 3046
3 3270 3423 3684
4 3801 4065 4128 4243
4 4761 4764 4930 4944
3 4967 5293 5317
4 5395 5464 5554 5636
4 5642 5749 5755 6281
4 6527 6670 6707 6806
4 6918 7020 7031 7438
3 8366 8451 8536
4 8620 8906 8936 8979
4 9278 9309 9409 9591
3 9616 9786 9903
2 9969 9973
4 216 427 1022 1064
3 1068 1217 1243
4 1285 1345 1443 1530
3 1567 1872 2042
3 2204 2248 2306
2 2349 2620
4 2910 3054 3119 3179
2 3290 3349
3 3588 3624 3658
2 3890 4013
3 4313 4519 4645
3 5021 5123 5135
4 5545 5604 5726 5760
4 5798 5936 6274 6403
2 6536 6750
4 6940 7106 7112 7350
3 7571 7801 7932
3 8113 8158 8171
3 8223 8246 8254
4 8291 8319 8735 8945
4 9076 9237 9318 9339
2 9622 9950
3 8 64 165
3 196 267 492
4 527 570 1091 1303
3 1391 1473 1691
3 1745 1995 2018
2 2181 3048
3 3079 3331 3447
2 3693 3762
4 3763 4012 4080 4133
3 4195 4227 4239
4 4413 4583 4684 4868
4 5160 5267 5311 5388
3 5588 5685 5943
3 6073 6114 6661
3 6718 6840 6858
2 7339 7486
4 7670 8090 8100 8185
3 8227 8302 8368
2 8389 8458
4 8913 9045 9236 9258
2 9387 9645
4 9904 9960 74 158
3 220 374 510
2 572 670
3 1578 1727 1852
3 2054 2088 2253
4 2299 2332 2476 2696
2 2734 2743
2 2885 2919
2 3026 3111
3 3400 3446 3936
3 4082 4109 4414
4 4423 4757 4895 5027
4 5309 5528 5603 5639
3 5677 5822 6150
4 6239 6272 6378 6427
2 6512 6652
4 6709 6875 6885 7185
4 7421 7476 7843 7894
4 8400 8424 8772 8867
4 9037 9178 9254 9303
3 9589 9641 9735
2 9883 555
2 567 650
2 700 928
4 1035 1176 1295 1337
4 1346 1435 1454 1608
3 1859 1970 2107
4 2140 2561 2660 2997
2 3667 3722
3 3988 4006 4198
4 4229 4300 4360 4547
4 5015 5057 5105 5542
3 5689 5690 5709
2 6518 6543
3 6767 6860 6866
4 7025 7241 7347 7377
4 7646 7854 8156 8230
3 8475 8928 9208
3 9291 9347 9764
3 91 380 587
2 609 646
2 812 1145
3 1186 1550 1686
2 1999 2075
2 2100 2224
4 2301 2594 2614 2693
4 2703 3255 3328 3471
4 3494 3625 3901 4108
4 4191 4494 4512 4533
4 4610 4728 4740 4763
4 4962 4985 5063 5070
4 5296 5537 5543 5624
2 5674 5767
4 5940 5963 6305 6321
4 6438 6458 6496 6593
4 6815 7063 7345 7417
2 7611 7773
3 7897 8443 8660
4 8730 8739 8762 8831
3 9470 9628 9723
4 9733 904 1474 1582
2 2238 2651
2 2659 3018
2 3177 3187
4 3218 3251 3360 3734
2 3772 3797
2 3847 3897
3 3968 4025 4028
4 4309 4642 5003 5095
2 5298 5321
4 5384 5591 5734 5888
4 5969 6049 6183 6783
3 6986 7283 7383
4 7398 7401 7493 7690
4 7735 7842 8174 8469
3 8594 8748 8832
3 8882 9074 9155
2 9224 9804
4 260 329 391 423
2 777 822
4 1016 1183 1320 1355
3 1447 1557 1585
4 1631 1647 1811 1890
3 2052 2176 2285
3 2348 2863 2978
2 3016 3243
2 3310 3363
3 3427 3440 3633
4 3780 4158 4416 4584
4 5009 5176 5222 5404
2 5680 5862
4 6033 6151 6224 6282
4 6285 6395 7001 7192
4 7474 7628 7637 8077
4 8278 8345 8495 8513
2 8557 8655
3 8883 8893 9082
2 9393 9469
3 9662 9772 9839
4 88 536 566 671
2 763 815
2 880 1066
3 1195 1289 1599
4 1829 1850 2229 2359
2 2365 2515
4 2658 2665 2756 2897
2 2955 3019
2 3051 3194
4 3296 3486 3823 3871
4 4122 4417 4712 4721
3 4738 4937 5088
2 5322 5423
2 5495 5568
4 5691 5792 5925 5928
2 5961 5964
4 6167 6535 6644 6930
4 7257 7360 7511 7651
2 7749 7887
3 8062 8170 8219
2 8676 8969
3 9030 9117 9316
4 9369 9934 9943 112
3 114 299 544
4 607 1039 1211 1555
4 1764 1832 1862 1864
2 2352 2433
2 2633 2700
3 2909 2933 3109
3 3158 3414 3434
4 3453 3529 3549 3644
2 3852 4271
2 4365 4422
4 4441 4466 4733 4828
2 5263 5275
2 5347 5364
2 5473 5479
2 5722 5892
4 5929 6009 6622 6634
3 6880 6881 6945
3 7162 7260 7364
3 7797 7840 7858
2 8503 8532
4 8595 8631 8763 8812
3 9084 9371 9547
3 9788 9794 9811
2 9905 306
4 418 481 486 549
3 577 764 829
4 1254 1348 1460 1465
3 1911 1989 2505
2 2540 2636
4 2663 3064 3157 3341
3 3395 3417 3472
4 3680 4272 4334 4377
2 4421 4443
4 5365 5493 5509 5595
3 5924 5968 6069
2 6108 6314
3 6445 6447 6871
2 7120 7156
2 7171 7174
4 7484 7585 7845 7977
4 7987 8087 8221 8265
4 9006 9087 9217 9465
4 9610 9625 9696 9800
3 228 272 498
3 521 690 720
4 798 806 870 910
4 964 1097 1107 1182
4 1470 1690 1838 1881
4 2126 2211 2492 2622
4 2653 2834 2931 2966
2 3095 3102
2 3164 3211
3 3350 3415 3487
2 3961 3977
2 4389 4445
3 4507 4625 4660
4 4741 5328 5417 5437
3 5576 5581 5717
2 5790 5837
3 5985 6094 6201
2 6209 6375
2 6470 6556
4 6633 6933 7154 7184
3 7392 7458 7655
3 7802 7958 8209
2 8569 8820
2 9360 9447
4 9505 9829 9886 9991
2 77 202
2 298 485
3 571 641 799
3 1102 1113 1153
3 1252 1258 1437
4 1477 1511 1525 1619
3 1706 2029 2122
2 2363 2607
2 2921 3118
2 3405 3450
2 4218 4287
2 4513 4614
3 4780 5215 5516
3 6024 6330 6830
3 7159 7327 7465
2 7528 8373
2 8549 8581
4 8600 8661 8744 9021
3 9099 9410 9448
2 9774 542
4 997 1216 1273 1358
2 1588 1813
4 1924 1929 1941 2426
4 2569 2681 2842 2847
4 2908 2916 3025 3084
4 3090 3165 3193 3202
4 3346 3637 4027 4676
3 4794 5080 5297
4 5786 6153 6453 6591
3 6745 6787 6808
3 6854 6876 7055
4 7072 7513 7949 8052
4 8154 8173 8944 9324
4 9693 9884 191 309
2 314 448
3 939 1158 1395
4 2370 2518 2552 2959
4 3073 3138 3333 3497
4 3522 3898 4384 4938
2 5282 5376
2 5439 5884
3 5887 6082 6341
2 6358 6615
2 6968 7311
3 7719 7973 8131
3 8211 8312 8749
4 8805 8826 8891 9000
3 9081 9139 9226
3 9330 9484 9495
2 9646 9669
3 9673 9694 466
4 1095 1139 1207 1317
4 1857 1944 2013 2082
2 2142 2562
2 2882 3254
4 3279 3477 3488 3670
2 4258 4486
4 4575 4971 5030 5068
3 5272 5351 5428
3 5589 5757 5965
3 5978 6081 6179
3 6278 6344 6382
4 6763 6912 6947 6967
2 6969 7109
4 7111 7125 7246 7299
2 7394 7531
3 8303 8681 8703
3 8717 8890 8998
4 9438 9601 9814 9865
4 106 215 315 326
4 515 517 805 1075
3 1079 1278 1499
3 2049 2511 2526
3 2757 2948 3080
3 3150 3335 3409
4 3426 3479 4393 4609
3 5252 5569 5601
2 5698 5788
4 6186 6754 7131 7372
4 7405 8008 8257 8499
3 8662 8927 9027
2 9046 9120
4 9188 9964 2 271
3 411 449 531
4 600 776 940 974
4 1060 1306 1407 1693
2 1947 2175
2 2372 2517
2 2745 3086
2 3600 3700
2 3790 4014
4 4020 4160 4205 4710
4 4715 4885 5072 5259
4 6101 6154 6162 6166
3 6468 6542 6579
2 6708 6737
4 6948 6999 7040 7066
4 7081 7272 7492 7638
2 7808 7871
3 8356 8365 8396
4 8533 9023 9212 9255
4 9685 9815 9832 9854
4 169 308 627 961
3 988 1168 2218
2 2314 2325
4 2452 2587 2725 2782
2 2831 2993
3 3070 3091 3240
3 3663 3863 3928
4 4040 4077 4148 4153
2 4177 4648
2 4718 4797
3 4829 4896 5018
2 5169 5241
2 5286 5877
3 5889 6216 6269
4 6392 6416 6619 6621
4 6845 7007 7268 7527
2 7857 8053
3 9098 9881 12
2 130 175
4 450 759 768 1000
2 1077 1846
2 1902 1973
2 2108 2168
3 2510 2611 2635
3 2866 2936 3117
3 3195 3419 3707
4 4373 4846 5055 5147
2 5596 5614
4 5678 6401 6749 6773
2 6919 7052
4 7211 7245 7258 7332
2 7654 7781
2 7827 7916
2 8039 8073
4 8615 8646 9190 9233
4 9506 9837 9990 41
4 181 338 523 638
4 653 672 1297 1518
4 1547 1579 1802 2147
2 3030 3325
3 3577 3669 3785
2 4018 4616
4 4672 4737 5117 5607
4 6136 6230 6288 6354
3 7047 7623 7982
2 7988 8065
4 8248 8331 8596 8605
3 8836 9032 9478
2 255 323
4 786 895 1413 1541
4 1594 1635 2066 2543
2 2695 2740
4 2773 2821 3222 3373
3 3444 3502 4327
2 4701 4802
4 4819 5038 5150 5274
3 5469 5740 5816
4 5851 6402 6832 6905
2 6924 7058
3 7306 7334 7343
4 7433 7656 7732 7766
3 7772 7855 7900
3 8381 8419 8446
3 8463 8742 8881
2 8933 9175
2 9473 9623
3 9648 9706 837
3 871 881 965
3 1059 1333 1412
4 1466 1580 1597 1658
2 1942 2116
2 2161 2200
3 2420 2436 2692
2 2890 3173
4 3210 3217 3242 3391
3 3495 3585 3813
2 4002 4247
3 4768 5807 5973
3 6006 6018 6055
2 6339 6562
2 6743 6751
3 6921 7660 7989
2 8128 8155
4 8559 8560 8819 9193
4 9240 9259 9312 9479
4 9682 38 51 72
4 686 695 1020 1082
4 1575 2415 2424 2502
2 2504 2551
4 3110 3321 3467 3695
3 4184 4444 4739
4 5032 5419 5782 6143
2 6435 6441
3 6650 6730 6804
3 6868 7381 7745
4 7919 8147 8214 8429
3 8610 8628 8794
2 8855 9010
2 9145 9821
3 269 1478 1521
3 1808 1882 2522
4 2537 2597 2797 3027
3 3348 3492 3503
3 3916 4059 4269
3 4956 5133 5188
2 5238 5273
3 5742 5921 6065
2 6142 6474
3 6753 6797 7015
4 7061 7239 7279 7431
2 7626 7872
2 8228 8251
3 8415 8540 8624
2 8713 9020
3 9041 9051 9298
2 9345 9375
4 9434 9634 9890 161
3 677 697 1198
2 1559 1581
4 2157 2839 2906 3041
2 3049 3057
3 3133 3220 3338
3 4050 4157 4464
2 4602 4666
3 4813 5120 5225
2 5299 5463
2 5811 5890
4 5915 6088 6284 6400
2 6788 6939
4 7270 8104 8474 8768
4 8951 8972 9050 9322
4 9536 9851 9981 394
4 598 626 660 734
4 826 1187 1405 1462
2 1558 1583
3 1854 2051 2128
4 2691 3256 3343 3671
3 3759 3804 4354
2 4457 4594
4 4641 4806 5141 5512
3 6000 6007 6054
4 6109 6212 6337 6343
3 6390 6618 6714
3 7179 7321 7342
3 7564 7668 7716
3 8359 8599 8604
4 8685 9060 9107 9386
4 9474 9500 814 938
3 1162 1444 1920
3 2380 2423 2439
3 2823 2889 2963
4 3399 3586 3623 4505
3 4545 4754 4928
3 4954 5099 5333
3 5448 5453 6319
3 6493 6570 6606
4 6690 6704 6821 7099
4 7266 7467 8455 8747
3 8984 8988 9245
3 9248 9284 9592
3 9664 9812 9869
3 273 493 546
3 888 1002 1238
3 1298 1424 1540
3 1613 2104 2121
3 2603 2895 3074
4 3191 3796 4263 4379
4 4667 5444 5535 5766
4 5814 5819 6074 6079
4 7167 7217 7481 7652
4 7661 7717 7829 7844
4 7848 8203 8232 8275
4 8439 8545 8695 8761
4 8957 8992 9057 9097
4 9176 9281 9370 9399
4 9586 9608 9715 322
4 537 823 1065 1265
4 1399 1436 1551 1766
4 1954 2186 2202 2377
4 2770 2886 2988 3259
4 3329 3455 3602 3616
4 3662 4165 4231 4388
4 4517 4622 4752 4762
4 4769 5113 5162 5498
4 5700 6039 6508 6511
4 6554 6694 6776 8012
