1628
2 3099 5677
2 7107 1138
2 2427 6327
2 1836 176
3 4826 6400 5639
3 9370 5841 1403
3 1566 9465 4912
3 6959 9836 9228
2 9422 8222
2 9217 6458
4 2247 2273 2637 1226
3 6153 7308 9620
3 8467 5308 7449
3 3999 9364 2539
2 4134 9654
4 2148 5336 9859 1518
4 333 1448 667 6033
2 985 770
3 6066 4568 1549
4 4543 3120 177 2390
2 8101 2547
2 9122 6110
3 8122 2672 6478
3 9127 6487 1196
2 417 4558
4 6712 8938 3729 9648
3 4879 1316 1553
4 4992 4478 4828 514
2 7189 3195
4 7469 4052 233 4014
4 9515 2494 2548 7630
3 4379 2787 2518
4 754 432 2750 4636
3 9306 7979 5081
4 8492 9478 5954 1206
2 8524 5822
2 7116 5842
2 4858 4480
2 293 5610
3 4067 9571 7133
4 5052 4923 6291 7827
2 3851 3427
3 4286 5123 6205
2 1408 2841
3 4101 9066 824
4 7363 7027 9006 9388
2 4432 865
3 2460 7966 2029
2 7350 7986
2 2711 9227
4 1879 2671 515 1090
4 4712 8799 6780 192
4 2719 328 5778 190
2 5550 1186
3 6382 8558 2301
2 2570 7861
2 5704 8903
3 3598 3194 3545
3 248 2853 5088
2 8488 1616
3 6606 1605 9345
3 1357 238 919
3 7877 3910 5513
3 2972 8478 5662
2 5590 9900
4 5312 6835 3563 8367
3 6786 402 4469
4 7014 1499 3069 7810
2 1848 5230
4 563 7764 264 2237
3 6469 454 684
2 8843 7074
4 7766 1963 9270 4141
4 8328 436 2854 1799
2 4506 1294
4 1269 9327 8723 3445
3 1863 9197 8537
2 9440 2944
2 5598 2891
3 3523 6151 3988
2 7978 7526
2 9608 4892
3 2067 3549 9287
2 2113 9001
3 155 7919 1911
2 230 3417
3 3242 1365 2655
2 7641 5868
2 2557 3056
2 7953 6725
3 6609 30 4171
3 8182 8135 8682
4 2830 143 1153 8637
3 8547 6922 5461
4 3078 3711 2647 8125
4 4619 2365 5952 1628
3 4916 8729 2039
2 8857 9137
2 2312 7949
3 9854 7208 1109
3 1790 7119 5113
3 6439 5809 8840
2 5360 4414
2 1272 9012
2 4150 472
2 7677 5054
4 6722 7787 2026 6612
2 4567 7878
4 7654 11 4221 8112
2 7889 5059
4 300 2149 373 2426
4 1954 1243 1217 8781
2 8599 9233
2 7398 9095
4 1899 1648 8604 5625
3 6850 2595 2415
4 4792 5786 4270 7428
2 638 8008
2 9502 458
2 2488 1047
3 8898 3473 6038
3 914 8093 5757
2 4112 6957
4 4460 5854 7632 6811
2 2816 1205
2 7331 8778
4 3533 8953 9427 2930
3 5969 2450 2000
4 3931 4084 6768 2674
3 8538 8042 889
2 4576 397
4 5845 3286 9908 5072
4 195 9972 5551 5244
2 4965 1776
2 5393 9871
3 1699 4104 8269
4 6503 5234 2412 3085
2 5450 5227
3 7035 691 2045
3 3733 3378 2083
2 766 5612
2 2883 2449
2 6808 2513
4 641 4320 8673 2440
2 3450 3239
3 5353 1450 108
3 448 1962 7194
3 1131 7960 5908
4 8656 4591 5893 7619
2 6526 587
4 799 694 6532 6737
3 5129 3662 1600
3 2263 8219 4947
3 6047 4508 7001
4 3143 4213 1255 7855
4 3083 8037 4535 5151
2 3888 2615
4 2778 4346 1193 2603
4 3153 7123 5255 4851
2 1665 6013
3 7559 2186 9512
3 6729 5830 1487
3 3877 5348 4094
2 5739 6032
2 7096 8795
3 4621 1177 3385
3 7782 3012 7600
3 8375 2442 7528
4 5365 5436 3270 7111
2 2813 2351
3 9683 5935 7032
4 6658 6855 683 7396
2 172 2091
3 9624 8331 16
3 7383 6925 1742
2 7080 8039
3 2178 9566 7578
4 8061 6427 358 9104
4 8451 7339 9163 5156
2 9938 1382
2 5024 2512
4 6680 9032 1470 6593
4 9947 167 8961 4855
2 6144 5103
4 1241 518 7071 7866
4 1310 544 7761 2376
4 2962 5266 9748 8083
4 6277 4071 4920 4481
3 9081 5622 2438
4 9817 9860 2363 9347
2 1718 2179
3 3177 6114 5926
4 4039 9313 6801 9989
3 7842 4566 1602
4 7280 950 4940 7455
3 9423 6214 5560
2 6317 9582
4 2922 7304 9235 7247
4 1956 3060 9346 4332
2 9626 5702
2 1582 3243
4 3682 9011 4750 9053
2 7288 8136
2 9328 3871
4 8764 8910 963 4359
3 9147 5431 1074
3 3651 8515 3732
2 9666 7997
2 3026 8270
3 1890 9521 8626
2 4290 3991
3 4735 3547 1580
4 625 9190 946 4204
2 4113 8780
2 1367 3901
3 1769 2963 5122
3 5092 7635 8389
4 3148 6579 3350 6323
4 3430 3699 7758 7244
4 3826 8834 868 9998
4 8175 4430 5037 4794
2 3594 6673
3 8586 2572 1645
3 2231 2590 8552
4 4934 1942 983 1981
3 8249 828 1227
3 8312 609 9088
2 3288 3090
4 4971 4953 420 3228
4 8279 5279 8618 4757
2 937 2485
2 9470 6171
2 216 8972
4 4676 4284 3997 4319
3 6216 4353 3479
2 3020 1110
4 6346 4807 5755 7258
2 1437 481
4 1456 8980 2812 7514
3 792 5282 5508
2 6237 6184
3 2677 997 1611
4 2923 3778 9928 5948
4 2033 692 4241 1519
2 9855 6752
2 1458 8126
3 1496 105 1125
4 6080 1775 3439 7334
4 1598 1240 92 3626
4 4799 7673 3392 5304
4 5390 3262 930 5876
4 1000 6203 7373 7833
2 8498 4645
2 3894 8751
2 6734 3637
3 1050 6594 5414
2 1653 2158
2 9391 7076
3 7430 1022 8613
2 8301 9059
4 8872 8075 8512 278
2 1224 478
2 3503 4869
3 6388 8361 6225
4 9510 1061 8291 6501
4 9656 7898 1292 1780
3 3043 4687 4939
3 3895 1027 8457
2 7355 3469
4 8740 8036 7589 8501
2 9068 7256
4 2040 8460 2381 5749
2 471 3334
4 8644 7874 1155 9572
4 6642 1666 3162 7529
2 4005 3886
4 9611 3884 2903 6340
2 6541 6158
2 1629 4118
4 4068 251 1888 1436
2 1005 3573
3 4348 3372 9373
3 4136 9467 7671
2 6528 3491
3 128 8106 169
2 9807 2166
4 5047 1575 854 5148
4 6092 9169 6485 2056
2 9937 2916
3 4611 6789 6290
2 3408 7834
2 9138 3708
4 7701 1253 4801 3275
3 3460 644 4051
2 878 6124
4 173 4152 6938 482
3 9049 1101 4371
4 9402 2824 3404 9868
2 8281 5345
2 4700 7287
4 109 7843 3346 8311
3 1520 2059 6688
3 6126 412 1906
4 4021 9956 5584 5549
4 1126 1095 3095 3731
2 1990 8313
2 2810 5947
3 3902 1783 71
3 7675 5022 8653
3 2197 5574 3001
4 3362 5565 8590 107
4 6574 6262 920 7236
4 2914 6081 8353 5192
2 5215 473
3 4177 879 319
3 4254 4158 1903
2 577 9513
2 9525 1400
4 4420 104 2613 68
3 1551 3609 3671
3 4790 8340 1505
3 3161 6966 5894
4 8426 1621 1692 3774
2 2051 1858
2 7167 3569
2 9864 3118
3 6486 2043 6101
4 8453 4708 5374 8499
2 1168 3396
3 3584 4706 3029
4 326 583 3897 2759
4 5060 7476 7423 2893
3 8752 8724 9252
2 6820 9677
3 9746 7175 2096
3 1680 7095 5290
3 658 8733 2504
2 9558 2366
4 7522 8647 3480 5109
2 8999 1525
3 3535 3222 5694
2 8848 665
2 6661 6241
2 154 5363
3 8076 8841 3211
2 5041 8906
4 9975 6603 4974 9366
2 114 3805
4 5334 6942 8760 4540
3 6802 9833 5116
4 5761 5805 1631 8756
4 6879 5710 3550 4673
4 7562 1415 4945 9813
2 9981 1837
4 8869 2246 2847 8787
3 6099 8152 8092
3 1342 1740 3419
2 1019 4594
4 1728 7963 5782 7995
3 7797 7465 8417
2 7942 6386
3 3428 9093 3632
3 8424 345 3383
2 9680 4791
2 7900 309
2 4629 1939
4 2915 9013 77 5800
4 8574 9773 1391 4080
2 2261 7633
4 567 8020 7195 8272
4 4585 4815 2895 2781
4 4583 2910 7649 3501
3 4570 9365 5184
4 6397 3797 5083 6001
2 8338 4707
2 9073 2658
3 6083 9240 7648
4 7804 7112 99 3212
4 5065 7546 2383 3443
3 8621 7172 6470
3 4541 3296 1614
4 3776 6981 2612 9050
4 974 4915 4349 2212
4 9924 5654 9715 4073
2 5328 5975
2 7503 3446
3 8587 6814 5772
2 1020 9700
2 6667 395
3 1446 1298 616
4 1797 7928 7142 9090
4 6186 9643 4457 856
2 8735 9035
3 4998 244 3441
2 2657 1639
3 9098 392 7003
4 551 1229 2620 266
4 8870 586 8165 5815
3 7490 9630 9579
2 4352 1325
3 8748 1222 6804
3 9870 6332 5511
3 4970 5465 5085
2 3639 7656
2 3806 2031
3 6264 3667 516
4 6465 7573 4532 8187
4 3047 234 8541 6011
3 398 4935 779
2 9060 3917
4 8262 2749 8400 2924
2 1713 4861
2 2635 7884
3 4408 1157 7813
2 7907 8737
2 8013 6973
3 9697 5929 460
4 4878 5058 7438 9018
2 527 2036
2 2055 9266
2 103 381
4 1261 5871 4358 927
3 7417 1454 7820
3 560 4093 621
3 6324 5428 2921
4 4438 6374 6461 4717
2 8231 1407
2 4252 5278
2 5404 5788
4 4973 9701 4280 5886
2 2453 1947
4 4518 5538 2202 9326
3 3558 4902 4187
3 5648 3585 6384
2 9058 5000
3 3066 1010 310
2 6004 7049
3 6555 5518 1597
2 1571 3322
4 6538 9264 2582 7385
4 7234 7205 9741 1440
3 8718 9742 7039
3 3183 2462 3830
3 8178 1927 6701
2 1787 2554
4 5665 8244 2755 1675
3 2724 685 2133
3 2600 8088 6464
4 351 3234 4159 6883
3 5820 8421 617
4 1112 9698 9315 9676
4 9384 1778 4409 3420
4 2114 9760 8863 5438
2 1351 2317
3 5403 1024 1406
4 3163 2530 2046 5703
4 1258 8305 836 7232
4 5987 3065 4788 9560
2 2205 6054
2 2789 1150
3 7637 5797 8883
2 3176 847
2 8821 3984
4 8006 3386 3151 8166
2 8132 189
2 5076 5834
3 4510 8954 1785
4 6951 5752 5306 5370
3 6914 2879 4201
2 1823 2642
2 9209 6727
3 9992 782 1089
3 1114 4810 4633
2 9696 6125
2 8169 6463
2 6191 646
4 2696 1485 1058 7314
4 8261 406 751 1152
3 8100 7994 1331
4 212 243 6906 2419
2 1995 843
2 1375 8450
3 1419 2187 3128
2 3610 5831
2 7803 4027
2 7899 7004
2 4690 4048
2 8393 9482
3 175 4544 4210
3 7394 3663 7693
2 4331 1708
3 7426 5125 907
3 4930 9642 6356
3 2022 80 9739
2 7548 2493
3 2838 6542 3149
4 5912 6232 2901 5958
3 6499 3298 7594
4 7141 9542 201 5737
3 7297 595 6492
2 6753 3762
3 8211 3657 9246
3 9999 6006 6172
3 258 8726 5451
3 8476 8480 3970
4 9110 915 3954 9070
3 4927 1770 7270
4 9919 3340 9663 5869
4 705 8033 7311 3214
3 8701 4475 9573
4 1390 368 547 1885
3 9662 3139 6721
2 7024 945
3 9260 8113 2446
4 1029 4968 3927 8140
2 7687 9062
3 3933 5955 6398
4 3013 5683 6920 578
4 7325 6102 484 3878
2 7520 2585
2 7159 1021
4 9605 1623 9704 2804
2 9667 67
4 6070 97 8408 3003
4 6349 1562 5916 4370
3 6847 4065 6717
4 7269 8378 9286 1399
2 8470 9840
2 8018 2644
3 5745 8646 3659
4 8288 925 7505 9500
4 2574 2296 1606 5469
4 9033 6825 6582 6311
4 9705 9601 2956 7367
3 8141 6321 1940
4 5951 7098 7789 534
3 1637 2422 9723
4 7650 7775 8455 1445
4 4123 8005 2360 4842
4 2896 4614 6227 2394
4 3465 4990 8838 9071
3 9983 2689 3782
4 4382 4431 9802 9541
2 6325 1816
3 3230 5131 8494
3 838 6813 1957
2 8 2834
4 5669 6164 6451 5661
3 7066 6481 1794
3 237 5405 7513
3 1982 8264 8414
3 6911 4931 2189
3 1704 9829 5741
4 2931 4586 6116 341
2 2673 7767
2 415 6270
2 666 3689
2 5134 8822
2 5482 7881
4 908 827 2497 4064
3 3648 4246 8957
2 58 6169
4 285 4504 7221 5838
3 2641 3948 3903
3 9769 350 822
4 6389 8911 8812 2350
2 6852 5217
4 3905 3793 8922 5245
3 2626 8386 7463
2 4268 8149
4 1364 8894 8430 7647
3 6805 5872 2708
4 4638 2108 5237 1647
2 4954 2710
4 4961 5835 6198 7477
4 5411 7579 8207 9736
3 6202 8111 3947
2 1477 3546
2 1236 3715
3 2953 3086 881
3 6028 3724 231
3 1296 2226 3747
4 8260 8327 5747 6024
4 1354 1166 7072 8120
3 9713 8096 1474
3 7785 1225 6381
2 4725 9047
4 9026 7645 1603 1187
4 5307 8711 2566 3250
3 2851 7257 9921
4 305 1424 5012 1106
3 4763 8896 4282
2 6733 7909
4 2214 3080 1971 671
3 6936 3868 531
3 7929 7277 9759
4 3604 9074 8660 5211
3 3112 5488 3442
4 809 2594 864 8755
4 4296 7779 380 1293
4 4203 5025 951 8459
2 1161 332
4 5768 928 6352 3765
4 7606 1394 2135 8000
4 6117 2434 3193 5882
3 5383 7185 8685
4 7284 2857 235 7197
4 5084 722 1397 6899
4 389 8232 1594 5138
3 445 425 3963
3 9452 7848 3254
2 9324 6131
2 8252 3075
3 2818 6858 1411
4 9401 6967 6418 1402
3 9882 2586 690
2 316 7663
3 622 7582 6755
2 1124 8080
3 2110 7473 116
2 4597 4045
4 979 3500 1449 6552
3 848 5564 2228
4 8474 343 1314 1355
2 2461 5919
3 5537 4844 1442
2 5102 9036
3 8390 5679 9134
4 5194 7753 4848 6359
4 6871 1900 1731 6019
3 5172 8516 8753
3 1617 8824 7209
4 6791 861 9229 4369
2 2424 540
3 8216 7068 4860
4 7968 3266 7773 3237
3 6253 1100 855
2 8158 2198
4 9445 4943 8468 1977
2 6408 7493
2 5380 1777
3 1847 7491 7357
2 1584 926
4 4601 3115 6760 8318
4 8983 2764 3553 5998
2 6438 8913
3 294 9387 18
4 1026 1264 1291 8021
4 2880 4175 101 474
2 3680 4515
4 758 442 3377 948
2 623 6357
2 6635 7655
2 7094 2993
2 8837 9463
4 4499 1363 2136 7303
4 9156 8307 2121 8885
4 1827 6728 3364 5247
4 5814 3714 7660 6012
3 4600 4407 8373
4 6413 2089 601 8602
3 6423 4097 6617
2 7388 8435
2 3224 6073
4 3586 8705 9005 1921
4 2768 4060 6843 7084
3 8510 5141 5738
4 7561 9612 2215 1736
3 9520 8079 4608
4 2206 697 2695 1107
3 7519 1230 9555
3 874 9282 1876
3 1502 2049 8285
3 6350 2536 8425
3 8949 6351 5708
4 37 916 6589 6610
4 7225 6583 6692 2428
2 2514 2379
4 9636 9297 1729 9491
4 4539 5213 384 8189
3 4929 9563 935
4 6272 5638 8998 2578
3 984 9379 3707
2 2760 5460
4 1613 7188 7193 6710
2 6511 2015
4 7885 9789 9786 2483
2 5701 3484
2 3004 323
2 7612 5637
2 3873 5147
2 8240 8891
3 2519 9881 378
2 4075 470
2 7016 9564
2 2414 7757
3 1853 2666 7168
3 8401 6230 3165
2 966 3621
3 572 3355 3494
2 7414 7697
2 5444 4533
2 8362 7081
4 1304 5530 1791 1511
3 4542 7381 8363
2 3015 3059
2 6061 137
2 3277 1389
4 3919 5074 6637 4412
2 8366 6036
2 8143 7747
2 4767 5925
4 7596 3313 5264 5295
2 9212 7286
3 8798 5746 213
3 5934 7717 896
3 2692 1857 9878
2 2233 5440
3 8399 8230 9242
4 6213 1757 956 5555
2 208 3759
3 7566 252 7359
2 1798 1183
4 8146 8496 6889 3695
4 8946 8479 8251 5556
3 7584 6917 2745
4 5759 9076 6868 3188
2 4063 242
3 552 4218 4886
2 5170 5645
4 1334 9112 3703 6730
2 3258 9732
3 9024 7875 2480
3 4364 9681 6904
2 7661 7858
4 3440 4900 8475 6565
4 3303 3369 2525 6085
4 9774 2409 1524 3368
2 1578 117
3 6893 3 2087
3 3007 9211 5050
3 5558 2856 4257
3 7669 7301 3532
3 4938 9322 1428
4 6891 8804 519 2865
4 4889 1856 8820 2777
4 3356 311 2313 5259
2 422 8642
3 3317 8588 2071
4 2092 9205 7587 8218
4 369 7601 6663 5707
2 1589 1694
3 8102 3780 1664
3 1738 5548 6122
3 5091 8977 2699
3 7155 7991 999
2 65 4615
3 2319 1069 2551
4 2913 5817 6854 1467
3 4552 7026 2639
4 7592 3968 7011 4520
4 4117 961 1481 4797
4 5002 4679 1607 3796
3 5223 1820 4258
3 5421 2659 1284
2 1299 89
3 6268 7157 7379
4 6865 6239 1321 1371
2 5456 7819
4 6305 7322 8329 8948
4 2077 626 6584 8404
2 9025 9349
2 7969 2068
2 7272 6726
2 5454 4897
3 4624 5720 5896
2 5531 6421
3 1432 2441 8522
3 4982 9204 8196
2 5381 9039
2 9949 1868
4 4656 8706 95 5672
4 7879 3736 1751 9367
2 3536 6480
2 4285 371
2 2772 2279
3 357 9954 1345
4 5228 1455 6969 727
2 9466 1918
2 9374 9533
3 4548 2543 193
3 6399 4840 2889
3 5432 1102 1377
4 5315 5664 4511 9936
3 5801 5810 4015
3 1527 2099 678
4 1452 9585 7750 1682
4 6462 5395 9733 4833
3 6819 643 8057
2 789 4755
3 7390 5613 5468
2 8734 2258
4 3229 2682 4404 2737
2 1860 3836
4 9069 6955 82 9094
2 4274 7190
4 657 6900 6030 2997
2 7171 9695
2 3098 5292
2 5270 3696
4 998 4212 3284 2302
4 4565 7227 988 1451
3 2294 4228 1686
3 2361 1369 3628
3 7893 339 1851
4 2846 1861 4575 9505
3 4462 7905 2568
3 8371 8215 9067
3 7524 9386 4086
3 4827 4847 9177
4 4350 8448 348 7196
4 1739 6983 675 3435
2 370 5933
3 2124 7658 8254
4 5821 3175 5159 3101
3 2299 2316 1967
4 7403 469 9271 9448
3 6292 8886 4800
3 3091 3016 806
3 699 223 198
2 6295 8040
3 7778 8214 8317
2 6576 144
4 2386 818 9409 3094
4 9670 5286 8095 3238
2 5723 4105
4 9238 8442 6112 7472
4 1748 3928 6298 5561
2 9285 6832
3 2204 5300 1999
4 3249 1624 2332 2602
3 9106 5445 5323
2 4253 2720
4 35 4816 2571 6128
4 6318 1881 4227 1136
4 479 5144 2164 6301
4 5847 6551 4163 7945
3 6108 9735 9203
2 9726 3802
4 6338 4622 7353 2290
4 6668 8105 5631 5818
2 9418 1703
2 9395 1065
2 6812 9305
4 6221 3345 3452 6632
2 8358 5597
3 9385 9627 4500
4 9750 7391 4168 8047
3 932 9474 2872
4 2194 7023 6670 8657
2 7276 1768
3 4606 1189 3309
2 3860 7235
2 465 651
4 8710 3260 5943 1763
2 8811 2329
2 2521 9114
2 7941 5367
2 6679 1128
4 6570 41 2384 8027
4 3691 2334 1287 7439
2 383 206
3 707 3256 7436
3 5239 3339 5976
3 5802 8855 1378
3 2803 5174 8377
3 3215 6140 712
3 7302 2704 1053
3 3096 3152 4293
2 6944 9501
3 3750 5932 4812
4 4719 9054 7110 8334
4 9835 7025 1523 3921
3 9982 382 9874
4 812 8713 4937 5965
3 8745 6630 6643
2 9740 7730
3 4162 4756 2898
4 2397 2346 8716 2702
4 5731 7129 906 582
4 2120 5804 9831 8717
2 8800 2693
4 8665 6146 3172 6183
2 7420 8741
4 3683 3474 9622 73
4 4888 2254 3017 8170
4 5358 7007 3608 1388
4 4530 8364 9885 6366
4 2496 5535 6986 6337
3 7933 8530 8784
3 1667 1457 9295
2 1036 3168
3 7518 2796 7056
4 7462 7517 628 1581
3 8945 1379 6531
4 8688 6233 2073 6489
4 1162 1679 4718 4752
3 3432 969 4821
3 6941 9962 6320
4 6880 9535 7307 1486
3 8160 3674 7636
3 6666 6989 2684
3 8431 734 75
3 7853 3531 2489
2 6197 9587
4 6597 3421 3646 7051
4 2744 837 4436 797
2 8525 2024
3 8553 2742 4626
2 1909 6090
3 331 5684 4963
3 629 8314 3185
4 4993 5053 4806 9075
3 5185 2311 3514
3 8844 5112 3670
4 3461 1120 9124 8691
2 3606 3431
2 4919 5795
2 7847 9488
2 6604 8145
2 4461 6067
2 1164 8306
2 269 6693
3 182 3677 6432
3 8750 885 1925
3 3790 4778 530
4 2250 2850 3088 7212
4 9377 1117 1916 4265
4 7113 1463 9167 783
4 4321 4890 9590 9178
3 1076 4784 8794
4 1421 5011 3885 1252
4 8339 5596 3335 9459
2 8900 7105
4 6299 6585 6638 3236
4 3159 2766 276 8881
2 2201 9376
2 6431 846
3 7211 3799 6529
4 6428 1532 4657 1119
3 1891 6623 3629
2 9303 1143
2 8413 3771
3 9065 4194 2826
3 6355 2523 7470
3 7030 5133 4316
3 7982 2048 6662
2 6596 3416
4 7591 4395 2932 9692
2 1123 9160
2 4035 4184
4 778 561 9484 4115
2 1975 8575
4 5204 91 8181 4731
4 4368 9256 8779 9809
3 3415 581 4083
3 3863 5791 5137
4 2208 8675 4300 5682
4 3283 3552 5330 2403
3 9460 1866 6997
4 5176 317 6135 3668
3 7203 9824 9707
3 4137 4334 7294
4 8569 437 6508 9894
4 5242 2839 3666 2605
4 6106 6368 9628 3605
2 4659 5813
2 2439 7329
4 8121 7679 5552 1984
4 7576 1460 4728 6415
3 4244 3032 559
4 1946 8274 3092 493
3 7926 695 2404
3 340 4720 7009
4 2552 7545 9061 3967
2 807 9436
4 2739 6645 5105 7183
3 5887 3359 6044
4 8298 3520 6136 8694
2 1094 7348
4 4341 2507 6280 5946
2 2380 6329
4 4782 5412 580 9637
4 4988 2528 5329 2705
3 7913 8600 6365
2 6628 6177
3 7440 6420 4928
3 2697 312 6286
4 6152 2037 2779 1993
3 890 7722 8391
2 6764 8302
3 3130 3950 9940
3 2821 9507 1804
4 5836 6082 6145 7786
4 7150 5051 5641 654
2 5794 663
2 523 3716
3 732 5126 4699
3 1758 7688 9906
2 3497 1204
2 7342 5554
4 2925 2500 7132 6761
2 5532 4651
4 3741 3792 2340 9929
3 5762 9028 9858
4 4620 3493 2292 8259
4 1506 2010 6994 3916
4 6507 3957 8266 8969
2 9780 5588
3 4217 4598 858
2 366 2888
4 7739 3166 3972 6039
3 3781 4139 7765
3 8458 9359 9729
4 772 5373 6908 2430
3 8229 5388 5288
3 7126 9916 7873
3 801 2904 7125
3 9912 7144 1814
3 8050 164 3273
4 475 637 8899 1318
2 2200 2859
2 8859 2116
3 1958 271 888
2 5459 3922
3 6285 6896 2753
3 6086 2645 4627
2 5055 7586
3 9562 3034 9380
4 4618 9186 2618 7263
4 5036 5705 4577 9932
4 5407 4663 3704 2580
3 7653 8674 4513
4 6057 6746 5430 3434
2 8616 4684
4 7062 377 1001 9237
4 7485 9375 9964 2004
2 8698 5277
3 3035 8225 5784
2 4734 9142
2 1898 1042
4 138 9272 7134 3687
2 188 5712
2 4205 6738
2 9690 2661
4 1319 4128 5764 9797
3 3451 9604 7604
4 1741 5595 1803 8052
3 7115 7291 669
3 1480 6029 4337
4 584 1385 8109 5953
2 17 5263
2 3720 2717
2 8982 5483
3 2979 2191 8623
2 3010 2731
4 6660 2333 6425 7652
4 6683 4654 5858 9166
4 533 1643 5406 5214
4 3962 6257 4838 4355
4 2398 327 250 1912
2 4133 7718
3 7122 7880 8150
2 529 4595
4 9798 6042 4765 4011
2 6769 3463
3 681 4628 2318
2 3389 9556
2 1515 4166
4 4376 2676 8875 43
3 3612 3642 894
2 6971 297
2 4327 9372
3 411 2411 7447
2 9725 227
2 6167 6100
4 5331 5190 9673 4727
3 5458 8464 4795
2 1174 597
3 7987 3951 4391
4 9021 8382 6636 8521
4 7002 995 6194 1396
2 9261 4313
2 5505 1651
4 6405 8639 2321 2458
2 903 3164
2 1198 2079
3 4671 2564 1311
3 2479 4705 7729
3 810 7459 9181
2 6002 6452
2 7052 3664
2 7457 4325
2 440 8418
4 1410 9879 853 872
2 4966 1936
4 6706 3971 1210 7117
2 8195 8396
4 2801 1560 6806 2115
4 6634 8825 6741 4976
2 3342 5623
4 7936 1599 3073 9429
2 6053 2729
2 6208 1948
4 5636 6406 3787 3829
2 4206 4394
2 7927 7010
3 6707 5859 6079
3 9530 2466 7794
4 8620 7580 6058 3959
4 6641 4174 9407 3358
4 8070 6736 3555 3925
4 6977 9646 1719 9187
4 2643 3477 1531 5387
2 4674 5942
2 239 8631
3 9057 7077 4647
2 8747 1512
3 2248 4653 4850
3 2349 6980 7091
3 3119 2540 2012
2 4022 338
2 3349 814
4 3890 2862 5086 8330
4 3410 599 1773 2472
4 3036 8081 1886 220
4 4952 7243 1180 7946
2 7602 964
4 5811 6767 8895 618
3 2940 4753 8593
2 6190 8365
4 9343 3825 4477 2943
4 4129 8775 4226 9629
2 7028 2983
4 7387 8666 6447 2701
3 3849 5340 8633
2 2448 9795
2 9552 180
4 570 1091 2791 7140
3 1473 3969 4805
2 7364 1373
3 7990 2295 1080
2 2509 8493
3 1260 1737 4831
2 6756 5437
2 7891 3645
2 2370 2338
3 4192 8369 7694
2 7268 2966
3 8185 13 2416
3 2746 7863 3076
3 7714 6345 3326
3 6718 5448 8630
2 4517 4038
3 7486 3145 7844
2 1723 9876
3 365 505 3333
3 5853 619 1309
4 1844 9913 7553 3874
4 9955 508 9531 8754
3 1476 9766 6672
2 7605 283
4 2182 9454 5652 1443
2 2970 4165
4 737 8345 44 3054
4 7871 2610 3565 7330
4 2793 9413 179 798
3 6021 7631 7317
3 1211 8659 9810
3 4486 2157 3712
2 7721 1200
3 3245 8046 1438
4 6150 4759 4984 8830
4 9880 2709 9486 3028
4 3693 226 1315 873
3 4279 3279 2259
2 8624 5594
3 3913 1537 1079
3 3735 3618 3390
2 2280 4292
2 8831 6467
3 5178 1697 4179
4 8905 7170 2757 2044
3 1037 7213 444
2 1730 4043
2 8727 9731
2 869 676
2 5394 6134
2 7468 8743
4 2660 299 9170 5585
2 3946 5832
3 840 7841 8652
4 4360 4547 3616 4972
3 5039 7093 6027
4 5690 5124 1660 2240
2 4033 8055
2 7959 62
3 7241 21 127
2 5819 4944
2 5347 5905
4 9208 439 3300 8873
4 7239 2298 4059 6343
4 2591 6750 849 2373
4 9867 3489 7445 3117
2 3251 1320
2 1368 659
3 9537 4843 749
3 3255 8051 677
4 2927 28 2413 6932
2 3887 6685
3 3057 6034 8204
2 8349 6657
4 7869 6795 2131 8004
3 9811 2098 9331
2 2065 933
3 5674 1711 9791
4 6414 337 9009 51
3 710 9055 1144
4 6496 8063 7708 9756
3 7351 4049 9887
2 7668 9785
4 8739 2021 9526 1492
3 8782 2652 2989
3 4918 5087 9838
4 8343 5861 9979 9155
2 8565 5248
2 8769 7525
2 355 8632
3 6181 5385 3923
4 6378 290 6339 1427
3 4025 4434 5547
4 8017 3709 4237 6834
4 5321 5384 8790 2289
4 5734 7124 9757 9048
2 22 5224
3 5260 2722 8919
3 5716 6129 7681
4 7690 8174 716 9987
3 4437 9157 7993
2 1850 2372
3 9175 6816 2147
4 391 5145 352 3568
4 777 8696 203 8767
2 4351 5361
3 9508 3855 3911
2 3217 6975
4 9202 4207 291 5900
3 5303 5971 6892
4 4921 9623 4446 2877
2 8103 7613
2 5354 7930
2 829 9593
4 451 7840 4153 2794
2 4309 2119
2 5426 6089
2 7058 4856
2 9389 7458
2 9534 321
4 7192 4182 3856 329
2 6927 882
2 1592 3524
4 86 5680 3551 5744
4 660 2238 4426 5473
2 2829 6271
3 4733 8689 2588
2 8791 8139
2 8350 8614
3 3002 2146 8690
3 1066 8577 3352
3 2476 2097 755
2 9241 8508
4 129 1908 8058 1872
4 2756 2897 8663 8091
2 970 10
3 4028 4366 7059
3 9397 2765 2156
3 3403 7497 1483
3 5766 3518 4108
3 5018 957 1099
4 8407 1330 9201 6176
4 5964 2868 9617 3312
3 6644 9603 1572
4 7511 3507 2905 1874
4 7639 3488 3669 6953
4 5080 7321 5773 1663
3 4680 1978 2991
4 9103 7341 4061 5827
3 6895 4703 4125
4 7609 9312 5032 5698
2 7102 1914
4 5725 738 8566 5063
3 8722 3338 1182
2 4560 5241
3 3529 5425 8937
4 1811 7184 8854 5970
3 9333 4442 7599
3 9934 9432 4455
3 5389 2224 6347
2 3630 4898
4 5892 1413 9688 6575
4 2783 1976 4803 8172
2 162 5310
2 7073 4245
4 7781 1559 390 2546
2 2606 7069
2 1526 8893
4 9371 7768 4454 2125
4 262 1712 245 5220
2 306 2604
2 9308 3562
3 2341 1439 1232
2 7176 7967
4 9441 3521 4744 186
4 704 9132 3841 7989
2 1275 8511
3 3676 8966 993
2 4264 8715
2 6934 3681
2 9721 9793
4 1796 5671 5490 3187
2 3449 1595
4 5968 4100 2269 5273
3 7442 4820 7182
4 9329 9600 9123 438
3 5627 6547 9316
2 4516 3278
3 3754 9446 6690
3 5338 5305 3395
3 8156 1263 1414
4 9800 7336 5232 8220
4 521 3068 4224 2028
3 4092 6626 1412
2 3937 9841
2 8985 571
2 5624 4263
3 6682 1077 2076
4 2126 5828 8827 7087
4 2492 1689 7538 6334
2 8107 7432
4 3102 613 1062 3958
3 2918 6810 9814
2 5254 8976
3 7939 5343 2176
2 4413 4555
4 5496 8960 8594 4197
2 8829 3133
4 5790 4082 2532 1577
3 6201 7726 4909
3 6556 4087 9010
4 6633 9777 2027 2823
4 9192 8518 2617 4034
3 9490 2825 6611
4 8942 7581 1760 6998
3 1133 2145 7034
4 7759 4613 1904 2478
4 7628 6699 8250 650
4 8296 6165 5913 6441
3 9806 2291 1326
3 2491 6121 2715
2 3660 8147
4 8429 2058 494 2257
2 8246 3405
2 3589 8226
2 590 4114
4 4780 5516 4169 4188
2 4798 3810
4 7327 4301 5497 2369
3 6162 8447 7882
4 8661 4625 9678 9417
4 532 1081 740 2395
3 1548 6308 4536
3 8200 7540 1793
3 9770 8744 1705
2 7716 8179
3 835 2465 5591
2 8887 2167
3 6204 7585 3900
3 4312 4427 9040
3 1341 2785 3126
4 3011 7231 5920 2144
4 2140 9152 8939 764
4 2502 7471 6675 7738
2 6815 9304
2 3801 4631
4 6564 1715 1097 1348
2 4959 5995
3 9257 7597 5659
3 2780 9892 9782
4 5706 6500 2968 1475
4 8228 364 2795 3686
2 921 1542
3 9435 1786 3191
3 953 3027 2948
4 5884 1824 786 7063
2 7791 8304
3 6615 7674 1459
4 6554 5855 6863 6392
3 3496 8662 308
4 8826 9481 8592 3918
4 5195 3244 6473 4190
3 6749 5799 6678
3 3992 2452 4978
3 8918 4157 8793
2 5472 3295
3 5715 6273 1493
3 6372 5883 9613
3 3136 3499 9077
3 5570 5096 5181
3 1897 4667 2353
2 3190 7627
3 1818 7158 2278
3 3635 2690 3513
4 9915 9830 3005 3661
3 6708 8465 6326
4 8925 6681 6243 3125
4 1472 6669 3843 413
3 7299 8283 6263
2 6312 3820
2 9503 1218
4 566 8801 5284 6818
4 703 3622 9863 7408
4 215 36 4146 1393
2 2985 1604
4 2706 9661 9162 7082
2 9890 5452
3 2936 7365 891
2 8562 6929
2 9672 5320
2 5191 1281
2 6523 7042
2 3106 9254
2 9320 8842
2 6549 9702
2 5401 1295
4 2354 126 2628 1784
2 430 5539
2 2609 257
2 6535 8248
3 9120 1054 6052
4 5897 8533 3889 9275
4 5695 6287 1033 8265
4 1060 1433 4519 9
3 5477 4588 9920
2 8819 2252
4 3600 8908 7544 9405
4 6620 495 9116 7816
3 4715 2050 6072
4 7902 3471 3672 8360
2 4491 4587
2 8064 8159
2 6948 6796
2 4635 9056
2 5651 7114
3 1859 4612 702
3 7638 4345 5536
4 7031 9030 3050 9718
4 5106 4881 6300 6945
3 6010 4127 6778
3 6831 5130 9340
3 5355 2457 7971
4 3688 6217 8043 3025
4 5686 9207 5471 5006
4 3748 1636 6069 1303
4 2981 3534 670 3447
3 3726 901 7050
4 5583 1148 6873 3232
4 5997 9586 2761 7265
4 1752 7626 9933 2234
3 4901 6664 3371
4 6619 6424 3370 5525
3 2180 6094 6869
4 7527 3611 6652 4062
3 3462 2358 2159
3 4775 4294 7678
3 7557 7683 2023
3 9321 5442 349
3 9917 3014 7453
3 2510 2560 8438
3 3150 8104 4796
4 7958 5544 6553 3129
4 7452 1288 5816 6178
3 2569 6385 8956
4 6773 1108 8247 5978
3 4429 5009 9443
3 6446 3734 197
3 8271 2614 1235
4 7822 4872 5280 7055
3 9837 9625 9758
3 9330 8596 5332
4 2445 4435 1994 5379
3 1297 1149 5376
3 545 5344 8060
3 79 5579 5439
3 5163 3899 7156
3 4018 8920 790
3 3938 404 1038
3 6440 5475 3360
4 4266 917 4053 4173
4 880 3740 5891 6314
3 6091 5275 636
3 4029 8536 2999
4 7741 5866 4208 2782
4 1541 9592 3511 9939
4 2740 3179 9788 8693
4 7924 1887 7915 314
3 3907 6330 1574
3 4906 427 596
4 9664 9753 335 4291
4 5851 4871 2042 3847
3 6924 1676 3274
4 7306 7343 5186 3291
3 4743 2041 9866
4 7772 4024 9135 5297
4 5697 9433 5464 8598
4 9473 2973 1650 5592
4 4584 5950 3561 3839
4 6238 8513 5895 3167
4 4421 8971 5578 4096
3 6807 1392 8456
4 259 8054 8114 5796
4 8914 7826 2423 8077
4 1302 5611 1347 6477
3 8672 3530 761
4 4247 7651 2947 6864
3 6580 4441 3049
3 1312 2636 3638
3 6743 2561 7555
3 9685 6353 2601
3 8155 3840 9591
3 7450 6856 4822
3 7760 4880 8289
3 38 8420 2648
3 3197 160 7328
3 541 1004 2762
3 8544 5510 4528
4 9255 8986 4372 8560
3 3944 6874 3989
4 6041 4711 8785 1875
4 6939 2102 1765 3700
3 5629 4131 4232
3 120 56 1494
3 1018 1721 6937
3 2959 363 8542
3 7481 3502 5572
4 6220 3852 5296 8935
3 7614 1043 6935
4 7845 6731 5642 6910
4 5090 4189 8923 5803
4 895 9041 2840 2869
4 8871 8692 8823 255
3 503 4986 6659
4 6797 4388 8605 2634
3 5198 9653 8772
3 8053 771 2122
3 653 4670 7981
4 8540 3097 434 9529
4 674 1401 7568 7603
3 9847 8379 9918
3 1674 8405 4089
3 3859 3620 7401
4 5973 7743 4142 6522
4 943 905 2470 6888
3 7771 2526 2339
4 1588 3875 9694 7335
4 607 1510 6614 2775
4 4958 1583 6450 1585
4 9615 9335 6401 2771
4 6417 6821 8151 6530
4 2784 452 69 3915
4 9851 6527 7801 1979
4 5005 852 8989 8374
4 8452 5732 860 1989
4 1462 7483 8766 5740
4 4198 181 5666 1039
4 2315 7282 5509 9353
4 2902 1201 5462 9980
4 9037 7755 1709 2770
4 6109 7802 8351 9480
4 6390 161 1831 9131
4 6020 5915 2555 2567
4 7556 2075 7957 2203
4 2170 7734 7616 1640
4 9107 7441 6913 6560
4 938 8299 5202 4047
4 6784 318 2195 3977
4 5567 6947 6933 9578
4 9479 5327 909 8583
4 4223 3603 9471 9014
4 5333 4649 4167 6999
4 3865 780 2431 9883
4 7943 8809 1025 8068
4 3132 1137 379 5753
4 6348 513 4222 5541
4 8294 5879 4000 7460
4 273 546 64 5519
4 1238 3299 9278 975
4 6653 5711 2732 7296
4 3074 1282 5447 742
4 7281 9668 8531 123
4 3366 6928 46 8029
4 6074 3062 2322 3316
4 4234 7021 5580 8278
4 585 5034 8031 7255
4 6258 3072 8502 423
4 8439 8761 6625 1733
4 9097 3964 4056 8835
4 9273 893 2646 7226
4 9493 1543 4512 994
4 537 823 1265 247
4 6218 9403 8243 3055
4 1810 5219 9645 4248
4 2886 6758 5221 5774
4 3329 3602 5495 4385
4 5692 3226 8973 7138
4 4762 3601 3351 8001
4 5007 7186 7618 7109
4 6442 4908 4172 185
4 3698 2173 5057 4507
